2020-12-16 12:01:06,275 INFO com.capgemini.productmanagementjparest.ProductManagementJpaRestApplication [restartedMain] Starting ProductManagementJpaRestApplication using Java 1.8.0_261 on DESKTOP-B8FF4R1 with PID 28896 (F:\Corporate Training\IIHT\Capgemini-2020\Spring5Projects\product-management-jpa-rest\product-management-jpa-rest\target\classes started by Admin in F:\Corporate Training\IIHT\Capgemini-2020\Spring5Projects\product-management-jpa-rest\product-management-jpa-rest)
2020-12-16 12:01:06,281 INFO com.capgemini.productmanagementjparest.ProductManagementJpaRestApplication [restartedMain] No active profile set, falling back to default profiles: default
2020-12-16 12:01:07,506 INFO org.springframework.data.repository.config.RepositoryConfigurationDelegate [restartedMain] Bootstrapping Spring Data JPA repositories in DEFAULT mode.
2020-12-16 12:01:07,511 INFO org.springframework.data.repository.config.RepositoryConfigurationDelegate [restartedMain] Finished Spring Data repository scanning in 2 ms. Found 0 JPA repository interfaces.
2020-12-16 12:01:07,995 INFO org.springframework.boot.web.embedded.tomcat.TomcatWebServer [restartedMain] Tomcat initialized with port(s): 8081 (http)
2020-12-16 12:01:07,996 INFO org.apache.catalina.core.StandardService [restartedMain] Starting service [Tomcat]
2020-12-16 12:01:07,997 INFO org.apache.catalina.core.StandardEngine [restartedMain] Starting Servlet engine: [Apache Tomcat/9.0.41]
2020-12-16 12:01:08,044 INFO org.apache.catalina.core.ContainerBase.[Tomcat].[localhost].[/] [restartedMain] Initializing Spring embedded WebApplicationContext
2020-12-16 12:01:08,044 INFO org.springframework.boot.web.servlet.context.ServletWebServerApplicationContext [restartedMain] Root WebApplicationContext: initialization completed in 1754 ms
2020-12-16 12:01:08,330 INFO org.hibernate.jpa.internal.util.LogHelper [restartedMain] HHH000204: Processing PersistenceUnitInfo [name: default]
2020-12-16 12:01:08,358 INFO com.zaxxer.hikari.HikariDataSource [restartedMain] HikariPool-2 - Starting...
2020-12-16 12:01:08,839 INFO com.zaxxer.hikari.HikariDataSource [restartedMain] HikariPool-2 - Start completed.
2020-12-16 12:01:08,839 INFO org.hibernate.dialect.Dialect [restartedMain] HHH000400: Using dialect: org.hibernate.dialect.PostgreSQL10Dialect
2020-12-16 12:01:09,598 INFO org.hibernate.engine.transaction.jta.platform.internal.JtaPlatformInitiator [restartedMain] HHH000490: Using JtaPlatform implementation: [org.hibernate.engine.transaction.jta.platform.internal.NoJtaPlatform]
2020-12-16 12:01:09,598 INFO org.springframework.orm.jpa.LocalContainerEntityManagerFactoryBean [restartedMain] Initialized JPA EntityManagerFactory for persistence unit 'default'
2020-12-16 12:01:09,614 INFO org.springframework.boot.devtools.autoconfigure.OptionalLiveReloadServer [restartedMain] LiveReload server is running on port 35729
2020-12-16 12:01:09,754 WARN org.springframework.boot.autoconfigure.orm.jpa.JpaBaseConfiguration$JpaWebConfiguration [restartedMain] spring.jpa.open-in-view is enabled by default. Therefore, database queries may be performed during view rendering. Explicitly configure spring.jpa.open-in-view to disable this warning
2020-12-16 12:01:09,889 INFO org.springframework.scheduling.concurrent.ThreadPoolTaskExecutor [restartedMain] Initializing ExecutorService 'applicationTaskExecutor'
2020-12-16 12:01:10,177 INFO org.springframework.boot.actuate.endpoint.web.EndpointLinksResolver [restartedMain] Exposing 2 endpoint(s) beneath base path '/actuator'
2020-12-16 12:01:10,214 INFO org.springframework.boot.web.embedded.tomcat.TomcatWebServer [restartedMain] Tomcat started on port(s): 8081 (http) with context path ''
2020-12-16 12:01:10,231 INFO com.capgemini.productmanagementjparest.ProductManagementJpaRestApplication [restartedMain] Started ProductManagementJpaRestApplication in 4.253 seconds (JVM running for 1139.163)
2020-12-16 12:01:10,239 INFO org.springframework.boot.devtools.autoconfigure.ConditionEvaluationDeltaLoggingListener [restartedMain] Condition evaluation unchanged
2020-12-16 16:36:04,226 INFO com.sapient.training.app.SpringDataJpaAppApplication [restartedMain] Starting SpringDataJpaAppApplication on DESKTOP-B8FF4R1 with PID 30132 (F:\Corporate Training\KLS\Spring 5\Spring Data\spring-data-jpa-app\target\classes started by Admin in F:\Corporate Training\KLS\Spring 5\Spring Data\spring-data-jpa-app)
2020-12-16 16:36:04,248 DEBUG com.sapient.training.app.SpringDataJpaAppApplication [restartedMain] Running with Spring Boot v2.3.4.RELEASE, Spring v5.2.9.RELEASE
2020-12-16 16:36:04,248 INFO com.sapient.training.app.SpringDataJpaAppApplication [restartedMain] No active profile set, falling back to default profiles: default
2020-12-16 16:36:04,345 INFO org.springframework.boot.devtools.env.DevToolsPropertyDefaultsPostProcessor [restartedMain] Devtools property defaults active! Set 'spring.devtools.add-properties' to 'false' to disable
2020-12-16 16:36:04,345 INFO org.springframework.boot.devtools.env.DevToolsPropertyDefaultsPostProcessor [restartedMain] For additional web related logging consider setting the 'logging.level.web' property to 'DEBUG'
2020-12-16 16:36:05,957 INFO org.springframework.data.repository.config.RepositoryConfigurationDelegate [restartedMain] Bootstrapping Spring Data JPA repositories in DEFAULT mode.
2020-12-16 16:36:06,033 INFO org.springframework.data.repository.config.RepositoryConfigurationDelegate [restartedMain] Finished Spring Data repository scanning in 62ms. Found 1 JPA repository interfaces.
2020-12-16 16:36:08,220 INFO org.springframework.boot.web.embedded.tomcat.TomcatWebServer [restartedMain] Tomcat initialized with port(s): 8081 (http)
2020-12-16 16:36:08,240 INFO org.apache.coyote.http11.Http11NioProtocol [restartedMain] Initializing ProtocolHandler ["http-nio-8081"]
2020-12-16 16:36:08,241 INFO org.apache.catalina.core.StandardService [restartedMain] Starting service [Tomcat]
2020-12-16 16:36:08,241 INFO org.apache.catalina.core.StandardEngine [restartedMain] Starting Servlet engine: [Apache Tomcat/9.0.38]
2020-12-16 16:36:08,447 INFO org.apache.catalina.core.ContainerBase.[Tomcat].[localhost].[/springfox] [restartedMain] Initializing Spring embedded WebApplicationContext
2020-12-16 16:36:08,447 INFO org.springframework.boot.web.servlet.context.ServletWebServerApplicationContext [restartedMain] Root WebApplicationContext: initialization completed in 4102 ms
2020-12-16 16:36:09,094 INFO org.hibernate.jpa.internal.util.LogHelper [restartedMain] HHH000204: Processing PersistenceUnitInfo [name: default]
2020-12-16 16:36:09,202 INFO org.hibernate.Version [restartedMain] HHH000412: Hibernate ORM core version 5.4.21.Final
2020-12-16 16:36:09,603 INFO org.hibernate.annotations.common.Version [restartedMain] HCANN000001: Hibernate Commons Annotations {5.1.0.Final}
2020-12-16 16:36:09,790 INFO com.zaxxer.hikari.HikariDataSource [restartedMain] HikariPool-1 - Starting...
2020-12-16 16:36:09,993 INFO com.zaxxer.hikari.HikariDataSource [restartedMain] HikariPool-1 - Start completed.
2020-12-16 16:36:10,046 INFO org.hibernate.dialect.Dialect [restartedMain] HHH000400: Using dialect: org.hibernate.dialect.PostgreSQL10Dialect
2020-12-16 16:36:11,334 INFO org.hibernate.engine.transaction.jta.platform.internal.JtaPlatformInitiator [restartedMain] HHH000490: Using JtaPlatform implementation: [org.hibernate.engine.transaction.jta.platform.internal.NoJtaPlatform]
2020-12-16 16:36:11,343 INFO org.springframework.orm.jpa.LocalContainerEntityManagerFactoryBean [restartedMain] Initialized JPA EntityManagerFactory for persistence unit 'default'
2020-12-16 16:36:11,369 INFO org.springframework.boot.devtools.autoconfigure.OptionalLiveReloadServer [restartedMain] LiveReload server is running on port 35729
2020-12-16 16:36:12,534 WARN org.springframework.boot.autoconfigure.orm.jpa.JpaBaseConfiguration$JpaWebConfiguration [restartedMain] spring.jpa.open-in-view is enabled by default. Therefore, database queries may be performed during view rendering. Explicitly configure spring.jpa.open-in-view to disable this warning
2020-12-16 16:36:13,070 INFO org.springframework.boot.actuate.endpoint.web.EndpointLinksResolver [restartedMain] Exposing 2 endpoint(s) beneath base path '/actuator'
2020-12-16 16:36:13,936 INFO org.apache.coyote.http11.Http11NioProtocol [restartedMain] Starting ProtocolHandler ["http-nio-8081"]
2020-12-16 16:36:13,998 INFO org.springframework.boot.web.embedded.tomcat.TomcatWebServer [restartedMain] Tomcat started on port(s): 8081 (http) with context path '/springfox'
2020-12-16 16:36:14,638 INFO com.sapient.training.app.SpringDataJpaAppApplication [restartedMain] Started SpringDataJpaAppApplication in 10.91 seconds (JVM running for 12.275)
2020-12-16 16:38:36,879 INFO org.apache.catalina.core.ContainerBase.[Tomcat].[localhost].[/springfox] [http-nio-8081-exec-2] Initializing Spring DispatcherServlet 'dispatcherServlet'
2020-12-16 16:38:36,880 INFO org.springframework.web.servlet.DispatcherServlet [http-nio-8081-exec-2] Initializing Servlet 'dispatcherServlet'
2020-12-16 16:38:36,905 INFO org.springframework.web.servlet.DispatcherServlet [http-nio-8081-exec-2] Completed initialization in 23 ms
2020-12-16 16:38:36,969 DEBUG com.sapient.training.aspect.LoggingAspect [http-nio-8081-exec-2] Enter: com.sapient.training.service.EmployeeServiceImpl.getAllEmployees() with argument[s] = []
2020-12-16 16:38:37,078 DEBUG com.sapient.training.aspect.LoggingAspect [http-nio-8081-exec-2] Exit: com.sapient.training.service.EmployeeServiceImpl.getAllEmployees() with result = [Employee(id=5, name=Lavanya, job=Manager, hiredate=2020-10-25, salary=879999.0), Employee(id=6, name=Lalith Kumar, job=Developer, hiredate=2017-10-16, salary=123456.0), Employee(id=1, name=Rohit Sharma, job=Manager, hiredate=2010-10-15, salary=2000000.0), Employee(id=4, name=Vinay Kumar, job=Sr. Manager, hiredate=2017-08-25, salary=5.935E7)]
2020-12-16 16:43:20,413 DEBUG com.sapient.training.aspect.LoggingAspect [http-nio-8081-exec-6] Enter: com.sapient.training.service.EmployeeServiceImpl.getAllEmployees() with argument[s] = []
2020-12-16 16:43:20,419 DEBUG com.sapient.training.aspect.LoggingAspect [http-nio-8081-exec-6] Exit: com.sapient.training.service.EmployeeServiceImpl.getAllEmployees() with result = [Employee(id=5, name=Lavanya, job=Manager, hiredate=2020-10-25, salary=879999.0), Employee(id=6, name=Lalith Kumar, job=Developer, hiredate=2017-10-16, salary=123456.0), Employee(id=1, name=Rohit Sharma, job=Manager, hiredate=2010-10-15, salary=2000000.0), Employee(id=4, name=Vinay Kumar, job=Sr. Manager, hiredate=2017-08-25, salary=5.935E7)]
2020-12-16 18:47:59,693 DEBUG com.sapient.training.aspect.LoggingAspect [http-nio-8081-exec-10] Enter: com.sapient.training.service.EmployeeServiceImpl.getAllEmployees() with argument[s] = []
2020-12-16 18:47:59,718 DEBUG com.sapient.training.aspect.LoggingAspect [http-nio-8081-exec-10] Exit: com.sapient.training.service.EmployeeServiceImpl.getAllEmployees() with result = [Employee(id=5, name=Lavanya, job=Manager, hiredate=2020-10-25, salary=879999.0), Employee(id=6, name=Lalith Kumar, job=Developer, hiredate=2017-10-16, salary=123456.0), Employee(id=1, name=Rohit Sharma, job=Manager, hiredate=2010-10-15, salary=2000000.0), Employee(id=4, name=Vinay Kumar, job=Sr. Manager, hiredate=2017-08-25, salary=5.935E7)]
2020-12-16 18:48:03,949 DEBUG com.sapient.training.aspect.LoggingAspect [http-nio-8081-exec-1] Enter: com.sapient.training.service.EmployeeServiceImpl.getAllEmployees() with argument[s] = []
2020-12-16 18:48:03,964 DEBUG com.sapient.training.aspect.LoggingAspect [http-nio-8081-exec-1] Exit: com.sapient.training.service.EmployeeServiceImpl.getAllEmployees() with result = [Employee(id=5, name=Lavanya, job=Manager, hiredate=2020-10-25, salary=879999.0), Employee(id=6, name=Lalith Kumar, job=Developer, hiredate=2017-10-16, salary=123456.0), Employee(id=1, name=Rohit Sharma, job=Manager, hiredate=2010-10-15, salary=2000000.0), Employee(id=4, name=Vinay Kumar, job=Sr. Manager, hiredate=2017-08-25, salary=5.935E7)]
2020-12-16 18:48:29,890 DEBUG com.sapient.training.aspect.LoggingAspect [http-nio-8081-exec-4] Enter: com.sapient.training.service.EmployeeServiceImpl.getAllEmployees() with argument[s] = []
2020-12-16 18:48:29,896 DEBUG com.sapient.training.aspect.LoggingAspect [http-nio-8081-exec-4] Exit: com.sapient.training.service.EmployeeServiceImpl.getAllEmployees() with result = [Employee(id=5, name=Lavanya, job=Manager, hiredate=2020-10-25, salary=879999.0), Employee(id=6, name=Lalith Kumar, job=Developer, hiredate=2017-10-16, salary=123456.0), Employee(id=1, name=Rohit Sharma, job=Manager, hiredate=2010-10-15, salary=2000000.0), Employee(id=4, name=Vinay Kumar, job=Sr. Manager, hiredate=2017-08-25, salary=5.935E7)]
2020-12-16 18:52:02,413 DEBUG com.sapient.training.aspect.LoggingAspect [http-nio-8081-exec-8] Enter: com.sapient.training.service.EmployeeServiceImpl.getAllEmployees() with argument[s] = []
2020-12-16 18:52:02,417 DEBUG com.sapient.training.aspect.LoggingAspect [http-nio-8081-exec-8] Exit: com.sapient.training.service.EmployeeServiceImpl.getAllEmployees() with result = [Employee(id=5, name=Lavanya, job=Manager, hiredate=2020-10-25, salary=879999.0), Employee(id=6, name=Lalith Kumar, job=Developer, hiredate=2017-10-16, salary=123456.0), Employee(id=1, name=Rohit Sharma, job=Manager, hiredate=2010-10-15, salary=2000000.0), Employee(id=4, name=Vinay Kumar, job=Sr. Manager, hiredate=2017-08-25, salary=5.935E7)]
2020-12-16 18:52:43,923 DEBUG com.sapient.training.aspect.LoggingAspect [http-nio-8081-exec-9] Enter: com.sapient.training.service.EmployeeServiceImpl.getAllEmployees() with argument[s] = []
2020-12-16 18:52:43,927 DEBUG com.sapient.training.aspect.LoggingAspect [http-nio-8081-exec-9] Exit: com.sapient.training.service.EmployeeServiceImpl.getAllEmployees() with result = [Employee(id=5, name=Lavanya, job=Manager, hiredate=2020-10-25, salary=879999.0), Employee(id=6, name=Lalith Kumar, job=Developer, hiredate=2017-10-16, salary=123456.0), Employee(id=1, name=Rohit Sharma, job=Manager, hiredate=2010-10-15, salary=2000000.0), Employee(id=4, name=Vinay Kumar, job=Sr. Manager, hiredate=2017-08-25, salary=5.935E7)]
2020-12-16 22:54:28,842 WARN com.zaxxer.hikari.pool.HikariPool [HikariPool-1 housekeeper] HikariPool-1 - Thread starvation or clock leap detected (housekeeper delta=3h21m14s654ms626µs200ns).
