2020-12-13 10:28:15,474 INFO com.sapient.training.app.SpringDataJpaAppApplication [restartedMain] Starting SpringDataJpaAppApplication on DESKTOP-B8FF4R1 with PID 2616 (F:\Corporate Training\KLS\Spring 5\Spring Data\spring-data-jpa-app\target\classes started by Admin in F:\Corporate Training\KLS\Spring 5\Spring Data\spring-data-jpa-app)
2020-12-13 10:28:15,483 DEBUG com.sapient.training.app.SpringDataJpaAppApplication [restartedMain] Running with Spring Boot v2.3.4.RELEASE, Spring v5.2.9.RELEASE
2020-12-13 10:28:15,484 INFO com.sapient.training.app.SpringDataJpaAppApplication [restartedMain] No active profile set, falling back to default profiles: default
2020-12-13 10:28:15,599 INFO org.springframework.boot.devtools.env.DevToolsPropertyDefaultsPostProcessor [restartedMain] Devtools property defaults active! Set 'spring.devtools.add-properties' to 'false' to disable
2020-12-13 10:28:15,600 INFO org.springframework.boot.devtools.env.DevToolsPropertyDefaultsPostProcessor [restartedMain] For additional web related logging consider setting the 'logging.level.web' property to 'DEBUG'
2020-12-13 10:28:17,150 INFO org.springframework.data.repository.config.RepositoryConfigurationDelegate [restartedMain] Bootstrapping Spring Data JPA repositories in DEFAULT mode.
2020-12-13 10:28:17,215 INFO org.springframework.data.repository.config.RepositoryConfigurationDelegate [restartedMain] Finished Spring Data repository scanning in 54ms. Found 1 JPA repository interfaces.
2020-12-13 10:28:19,327 INFO org.springframework.boot.web.embedded.tomcat.TomcatWebServer [restartedMain] Tomcat initialized with port(s): 8081 (http)
2020-12-13 10:28:19,341 INFO org.apache.coyote.http11.Http11NioProtocol [restartedMain] Initializing ProtocolHandler ["http-nio-8081"]
2020-12-13 10:28:19,342 INFO org.apache.catalina.core.StandardService [restartedMain] Starting service [Tomcat]
2020-12-13 10:28:19,342 INFO org.apache.catalina.core.StandardEngine [restartedMain] Starting Servlet engine: [Apache Tomcat/9.0.38]
2020-12-13 10:28:19,476 INFO org.apache.catalina.core.ContainerBase.[Tomcat].[localhost].[/springfox] [restartedMain] Initializing Spring embedded WebApplicationContext
2020-12-13 10:28:19,476 INFO org.springframework.boot.web.servlet.context.ServletWebServerApplicationContext [restartedMain] Root WebApplicationContext: initialization completed in 3875 ms
2020-12-13 10:28:19,969 INFO org.hibernate.jpa.internal.util.LogHelper [restartedMain] HHH000204: Processing PersistenceUnitInfo [name: default]
2020-12-13 10:28:20,058 INFO org.hibernate.Version [restartedMain] HHH000412: Hibernate ORM core version 5.4.21.Final
2020-12-13 10:28:20,327 INFO org.hibernate.annotations.common.Version [restartedMain] HCANN000001: Hibernate Commons Annotations {5.1.0.Final}
2020-12-13 10:28:20,481 INFO com.zaxxer.hikari.HikariDataSource [restartedMain] HikariPool-1 - Starting...
2020-12-13 10:28:20,633 INFO com.zaxxer.hikari.HikariDataSource [restartedMain] HikariPool-1 - Start completed.
2020-12-13 10:28:20,677 INFO org.hibernate.dialect.Dialect [restartedMain] HHH000400: Using dialect: org.hibernate.dialect.PostgreSQL10Dialect
2020-12-13 10:28:21,669 INFO org.hibernate.engine.transaction.jta.platform.internal.JtaPlatformInitiator [restartedMain] HHH000490: Using JtaPlatform implementation: [org.hibernate.engine.transaction.jta.platform.internal.NoJtaPlatform]
2020-12-13 10:28:21,676 INFO org.springframework.orm.jpa.LocalContainerEntityManagerFactoryBean [restartedMain] Initialized JPA EntityManagerFactory for persistence unit 'default'
2020-12-13 10:28:21,709 INFO org.springframework.boot.devtools.autoconfigure.OptionalLiveReloadServer [restartedMain] LiveReload server is running on port 35729
2020-12-13 10:28:22,891 WARN org.springframework.boot.autoconfigure.orm.jpa.JpaBaseConfiguration$JpaWebConfiguration [restartedMain] spring.jpa.open-in-view is enabled by default. Therefore, database queries may be performed during view rendering. Explicitly configure spring.jpa.open-in-view to disable this warning
2020-12-13 10:28:23,232 INFO org.springframework.boot.actuate.endpoint.web.EndpointLinksResolver [restartedMain] Exposing 2 endpoint(s) beneath base path '/actuator'
2020-12-13 10:28:24,064 INFO org.apache.coyote.http11.Http11NioProtocol [restartedMain] Starting ProtocolHandler ["http-nio-8081"]
2020-12-13 10:28:24,108 INFO org.springframework.boot.web.embedded.tomcat.TomcatWebServer [restartedMain] Tomcat started on port(s): 8081 (http) with context path '/springfox'
2020-12-13 10:28:24,485 INFO com.sapient.training.app.SpringDataJpaAppApplication [restartedMain] Started SpringDataJpaAppApplication in 9.446 seconds (JVM running for 10.261)
2020-12-13 10:30:50,404 INFO org.apache.catalina.core.ContainerBase.[Tomcat].[localhost].[/springfox] [http-nio-8081-exec-1] Initializing Spring DispatcherServlet 'dispatcherServlet'
2020-12-13 10:30:50,405 INFO org.springframework.web.servlet.DispatcherServlet [http-nio-8081-exec-1] Initializing Servlet 'dispatcherServlet'
2020-12-13 10:30:50,419 INFO org.springframework.web.servlet.DispatcherServlet [http-nio-8081-exec-1] Completed initialization in 14 ms
2020-12-13 10:30:50,567 DEBUG com.sapient.training.aspect.LoggingAspect [http-nio-8081-exec-1] Enter: com.sapient.training.service.EmployeeServiceImpl.getEmployeeById() with argument[s] = [5]
2020-12-13 10:30:50,658 DEBUG com.sapient.training.aspect.LoggingAspect [http-nio-8081-exec-1] Exit: com.sapient.training.service.EmployeeServiceImpl.getEmployeeById() with result = Employee(id=5, name=null, job=Manager, hiredate=2020-10-25, salary=897999.0)
2020-12-13 10:30:50,682 DEBUG com.sapient.training.aspect.LoggingAspect [http-nio-8081-exec-1] Enter: com.sapient.training.service.EmployeeServiceImpl.update() with argument[s] = [Employee(id=5, name=Lavanya, job=Manager, hiredate=Sun Oct 25 05:30:00 IST 2020, salary=879999.0)]
2020-12-13 10:30:50,698 DEBUG com.sapient.training.aspect.LoggingAspect [http-nio-8081-exec-1] Exit: com.sapient.training.service.EmployeeServiceImpl.update() with result = Employee(id=5, name=Lavanya, job=Manager, hiredate=Sun Oct 25 05:30:00 IST 2020, salary=879999.0)
2020-12-13 12:14:16,689 DEBUG com.sapient.training.aspect.LoggingAspect [http-nio-8081-exec-4] Enter: com.sapient.training.service.EmployeeServiceImpl.getAllEmployees() with argument[s] = []
2020-12-13 12:14:16,731 DEBUG com.sapient.training.aspect.LoggingAspect [http-nio-8081-exec-4] Exit: com.sapient.training.service.EmployeeServiceImpl.getAllEmployees() with result = [Employee(id=1, name=Rohit Sharma, job=Manager, hiredate=2010-10-15, salary=1350000.0), Employee(id=2, name=Virat Kohli, job=Developer, hiredate=2019-10-15, salary=2350000.0), Employee(id=3, name=Rahul, job=Developer, hiredate=2018-10-15, salary=350000.0), Employee(id=4, name=Vinay Kumar, job=Manager, hiredate=2017-08-25, salary=1.935E7), Employee(id=6, name=null, job=Developer, hiredate=2020-10-10, salary=123456.0), Employee(id=7, name=Hardhik Pandya, job=Analyst, hiredate=2018-05-12, salary=6758980.0), Employee(id=5, name=Lavanya, job=Manager, hiredate=2020-10-25, salary=879999.0)]
2020-12-13 12:14:25,035 DEBUG com.sapient.training.aspect.LoggingAspect [http-nio-8081-exec-5] Enter: com.sapient.training.service.EmployeeServiceImpl.getEmployeeById() with argument[s] = [1]
2020-12-13 12:14:25,041 DEBUG com.sapient.training.aspect.LoggingAspect [http-nio-8081-exec-5] Exit: com.sapient.training.service.EmployeeServiceImpl.getEmployeeById() with result = Employee(id=1, name=Rohit Sharma, job=Manager, hiredate=2010-10-15, salary=1350000.0)
2020-12-13 12:14:44,301 DEBUG com.sapient.training.aspect.LoggingAspect [http-nio-8081-exec-6] Enter: com.sapient.training.service.EmployeeServiceImpl.getAllEmployees() with argument[s] = []
2020-12-13 12:14:44,306 DEBUG com.sapient.training.aspect.LoggingAspect [http-nio-8081-exec-6] Exit: com.sapient.training.service.EmployeeServiceImpl.getAllEmployees() with result = [Employee(id=1, name=Rohit Sharma, job=Manager, hiredate=2010-10-15, salary=1350000.0), Employee(id=2, name=Virat Kohli, job=Developer, hiredate=2019-10-15, salary=2350000.0), Employee(id=3, name=Rahul, job=Developer, hiredate=2018-10-15, salary=350000.0), Employee(id=4, name=Vinay Kumar, job=Manager, hiredate=2017-08-25, salary=1.935E7), Employee(id=6, name=null, job=Developer, hiredate=2020-10-10, salary=123456.0), Employee(id=7, name=Hardhik Pandya, job=Analyst, hiredate=2018-05-12, salary=6758980.0), Employee(id=5, name=Lavanya, job=Manager, hiredate=2020-10-25, salary=879999.0)]
2020-12-13 12:14:50,134 DEBUG com.sapient.training.aspect.LoggingAspect [http-nio-8081-exec-7] Enter: com.sapient.training.service.EmployeeServiceImpl.getAllEmployees() with argument[s] = []
2020-12-13 12:14:50,138 DEBUG com.sapient.training.aspect.LoggingAspect [http-nio-8081-exec-7] Exit: com.sapient.training.service.EmployeeServiceImpl.getAllEmployees() with result = [Employee(id=1, name=Rohit Sharma, job=Manager, hiredate=2010-10-15, salary=1350000.0), Employee(id=2, name=Virat Kohli, job=Developer, hiredate=2019-10-15, salary=2350000.0), Employee(id=3, name=Rahul, job=Developer, hiredate=2018-10-15, salary=350000.0), Employee(id=4, name=Vinay Kumar, job=Manager, hiredate=2017-08-25, salary=1.935E7), Employee(id=6, name=null, job=Developer, hiredate=2020-10-10, salary=123456.0), Employee(id=7, name=Hardhik Pandya, job=Analyst, hiredate=2018-05-12, salary=6758980.0), Employee(id=5, name=Lavanya, job=Manager, hiredate=2020-10-25, salary=879999.0)]
2020-12-13 12:14:52,751 DEBUG com.sapient.training.aspect.LoggingAspect [http-nio-8081-exec-8] Enter: com.sapient.training.service.EmployeeServiceImpl.getEmployeeById() with argument[s] = [6]
2020-12-13 12:14:52,753 DEBUG com.sapient.training.aspect.LoggingAspect [http-nio-8081-exec-8] Exit: com.sapient.training.service.EmployeeServiceImpl.getEmployeeById() with result = Employee(id=6, name=null, job=Developer, hiredate=2020-10-10, salary=123456.0)
2020-12-13 12:44:04,580 DEBUG com.sapient.training.aspect.LoggingAspect [http-nio-8081-exec-10] Enter: com.sapient.training.service.EmployeeServiceImpl.getEmployeeById() with argument[s] = [6]
2020-12-13 12:44:04,586 DEBUG com.sapient.training.aspect.LoggingAspect [http-nio-8081-exec-10] Exit: com.sapient.training.service.EmployeeServiceImpl.getEmployeeById() with result = Employee(id=6, name=null, job=Developer, hiredate=2020-10-10, salary=123456.0)
2020-12-13 12:45:52,497 DEBUG com.sapient.training.aspect.LoggingAspect [http-nio-8081-exec-1] Enter: com.sapient.training.service.EmployeeServiceImpl.getAllEmployees() with argument[s] = []
2020-12-13 12:45:52,506 DEBUG com.sapient.training.aspect.LoggingAspect [http-nio-8081-exec-1] Exit: com.sapient.training.service.EmployeeServiceImpl.getAllEmployees() with result = [Employee(id=1, name=Rohit Sharma, job=Manager, hiredate=2010-10-15, salary=1350000.0), Employee(id=2, name=Virat Kohli, job=Developer, hiredate=2019-10-15, salary=2350000.0), Employee(id=3, name=Rahul, job=Developer, hiredate=2018-10-15, salary=350000.0), Employee(id=4, name=Vinay Kumar, job=Manager, hiredate=2017-08-25, salary=1.935E7), Employee(id=6, name=null, job=Developer, hiredate=2020-10-10, salary=123456.0), Employee(id=7, name=Hardhik Pandya, job=Analyst, hiredate=2018-05-12, salary=6758980.0), Employee(id=5, name=Lavanya, job=Manager, hiredate=2020-10-25, salary=879999.0)]
2020-12-13 12:45:56,410 DEBUG com.sapient.training.aspect.LoggingAspect [http-nio-8081-exec-3] Enter: com.sapient.training.service.EmployeeServiceImpl.getAllEmployees() with argument[s] = []
2020-12-13 12:45:56,413 DEBUG com.sapient.training.aspect.LoggingAspect [http-nio-8081-exec-3] Exit: com.sapient.training.service.EmployeeServiceImpl.getAllEmployees() with result = [Employee(id=1, name=Rohit Sharma, job=Manager, hiredate=2010-10-15, salary=1350000.0), Employee(id=2, name=Virat Kohli, job=Developer, hiredate=2019-10-15, salary=2350000.0), Employee(id=3, name=Rahul, job=Developer, hiredate=2018-10-15, salary=350000.0), Employee(id=4, name=Vinay Kumar, job=Manager, hiredate=2017-08-25, salary=1.935E7), Employee(id=6, name=null, job=Developer, hiredate=2020-10-10, salary=123456.0), Employee(id=7, name=Hardhik Pandya, job=Analyst, hiredate=2018-05-12, salary=6758980.0), Employee(id=5, name=Lavanya, job=Manager, hiredate=2020-10-25, salary=879999.0)]
2020-12-13 12:46:07,882 DEBUG com.sapient.training.aspect.LoggingAspect [http-nio-8081-exec-4] Enter: com.sapient.training.service.EmployeeServiceImpl.getEmployeeById() with argument[s] = [6]
2020-12-13 12:46:07,885 DEBUG com.sapient.training.aspect.LoggingAspect [http-nio-8081-exec-4] Exit: com.sapient.training.service.EmployeeServiceImpl.getEmployeeById() with result = Employee(id=6, name=null, job=Developer, hiredate=2020-10-10, salary=123456.0)
2020-12-13 12:46:37,523 DEBUG com.sapient.training.aspect.LoggingAspect [http-nio-8081-exec-6] Enter: com.sapient.training.service.EmployeeServiceImpl.getEmployeeById() with argument[s] = [6]
2020-12-13 12:46:37,526 DEBUG com.sapient.training.aspect.LoggingAspect [http-nio-8081-exec-6] Exit: com.sapient.training.service.EmployeeServiceImpl.getEmployeeById() with result = Employee(id=6, name=null, job=Developer, hiredate=2020-10-10, salary=123456.0)
2020-12-13 12:46:37,527 DEBUG com.sapient.training.aspect.LoggingAspect [http-nio-8081-exec-6] Enter: com.sapient.training.service.EmployeeServiceImpl.update() with argument[s] = [Employee(id=6, name=Lalith Kumar, job=Developer, hiredate=Mon Oct 16 05:30:00 IST 2017, salary=123456.0)]
2020-12-13 12:46:37,529 DEBUG com.sapient.training.aspect.LoggingAspect [http-nio-8081-exec-6] Exit: com.sapient.training.service.EmployeeServiceImpl.update() with result = Employee(id=6, name=Lalith Kumar, job=Developer, hiredate=Mon Oct 16 05:30:00 IST 2017, salary=123456.0)
2020-12-13 12:46:37,579 DEBUG com.sapient.training.aspect.LoggingAspect [http-nio-8081-exec-7] Enter: com.sapient.training.service.EmployeeServiceImpl.getAllEmployees() with argument[s] = []
2020-12-13 12:46:37,583 DEBUG com.sapient.training.aspect.LoggingAspect [http-nio-8081-exec-7] Exit: com.sapient.training.service.EmployeeServiceImpl.getAllEmployees() with result = [Employee(id=1, name=Rohit Sharma, job=Manager, hiredate=2010-10-15, salary=1350000.0), Employee(id=2, name=Virat Kohli, job=Developer, hiredate=2019-10-15, salary=2350000.0), Employee(id=3, name=Rahul, job=Developer, hiredate=2018-10-15, salary=350000.0), Employee(id=4, name=Vinay Kumar, job=Manager, hiredate=2017-08-25, salary=1.935E7), Employee(id=7, name=Hardhik Pandya, job=Analyst, hiredate=2018-05-12, salary=6758980.0), Employee(id=5, name=Lavanya, job=Manager, hiredate=2020-10-25, salary=879999.0), Employee(id=6, name=Lalith Kumar, job=Developer, hiredate=2017-10-16, salary=123456.0)]
2020-12-13 12:46:49,482 DEBUG com.sapient.training.aspect.LoggingAspect [http-nio-8081-exec-8] Enter: com.sapient.training.service.EmployeeServiceImpl.getAllEmployees() with argument[s] = []
2020-12-13 12:46:49,486 DEBUG com.sapient.training.aspect.LoggingAspect [http-nio-8081-exec-8] Exit: com.sapient.training.service.EmployeeServiceImpl.getAllEmployees() with result = [Employee(id=1, name=Rohit Sharma, job=Manager, hiredate=2010-10-15, salary=1350000.0), Employee(id=2, name=Virat Kohli, job=Developer, hiredate=2019-10-15, salary=2350000.0), Employee(id=3, name=Rahul, job=Developer, hiredate=2018-10-15, salary=350000.0), Employee(id=4, name=Vinay Kumar, job=Manager, hiredate=2017-08-25, salary=1.935E7), Employee(id=7, name=Hardhik Pandya, job=Analyst, hiredate=2018-05-12, salary=6758980.0), Employee(id=5, name=Lavanya, job=Manager, hiredate=2020-10-25, salary=879999.0), Employee(id=6, name=Lalith Kumar, job=Developer, hiredate=2017-10-16, salary=123456.0)]
2020-12-13 12:47:05,006 DEBUG com.sapient.training.aspect.LoggingAspect [http-nio-8081-exec-9] Enter: com.sapient.training.service.EmployeeServiceImpl.getEmployeeById() with argument[s] = [1]
2020-12-13 12:47:05,009 DEBUG com.sapient.training.aspect.LoggingAspect [http-nio-8081-exec-9] Exit: com.sapient.training.service.EmployeeServiceImpl.getEmployeeById() with result = Employee(id=1, name=Rohit Sharma, job=Manager, hiredate=2010-10-15, salary=1350000.0)
2020-12-13 12:47:13,966 DEBUG com.sapient.training.aspect.LoggingAspect [http-nio-8081-exec-2] Enter: com.sapient.training.service.EmployeeServiceImpl.getEmployeeById() with argument[s] = [1]
2020-12-13 12:47:13,968 DEBUG com.sapient.training.aspect.LoggingAspect [http-nio-8081-exec-2] Exit: com.sapient.training.service.EmployeeServiceImpl.getEmployeeById() with result = Employee(id=1, name=Rohit Sharma, job=Manager, hiredate=2010-10-15, salary=1350000.0)
2020-12-13 12:47:13,969 DEBUG com.sapient.training.aspect.LoggingAspect [http-nio-8081-exec-2] Enter: com.sapient.training.service.EmployeeServiceImpl.update() with argument[s] = [Employee(id=1, name=Rohit Sharma, job=Manager, hiredate=Fri Oct 15 00:00:00 IST 2010, salary=2000000.0)]
2020-12-13 12:47:13,969 DEBUG com.sapient.training.aspect.LoggingAspect [http-nio-8081-exec-2] Exit: com.sapient.training.service.EmployeeServiceImpl.update() with result = Employee(id=1, name=Rohit Sharma, job=Manager, hiredate=Fri Oct 15 00:00:00 IST 2010, salary=2000000.0)
2020-12-13 12:47:14,018 DEBUG com.sapient.training.aspect.LoggingAspect [http-nio-8081-exec-1] Enter: com.sapient.training.service.EmployeeServiceImpl.getAllEmployees() with argument[s] = []
2020-12-13 12:47:14,024 DEBUG com.sapient.training.aspect.LoggingAspect [http-nio-8081-exec-1] Exit: com.sapient.training.service.EmployeeServiceImpl.getAllEmployees() with result = [Employee(id=2, name=Virat Kohli, job=Developer, hiredate=2019-10-15, salary=2350000.0), Employee(id=3, name=Rahul, job=Developer, hiredate=2018-10-15, salary=350000.0), Employee(id=4, name=Vinay Kumar, job=Manager, hiredate=2017-08-25, salary=1.935E7), Employee(id=7, name=Hardhik Pandya, job=Analyst, hiredate=2018-05-12, salary=6758980.0), Employee(id=5, name=Lavanya, job=Manager, hiredate=2020-10-25, salary=879999.0), Employee(id=6, name=Lalith Kumar, job=Developer, hiredate=2017-10-16, salary=123456.0), Employee(id=1, name=Rohit Sharma, job=Manager, hiredate=2010-10-15, salary=2000000.0)]
2020-12-13 12:47:24,998 DEBUG com.sapient.training.aspect.LoggingAspect [http-nio-8081-exec-3] Enter: com.sapient.training.service.EmployeeServiceImpl.getAllEmployees() with argument[s] = []
2020-12-13 12:47:25,003 DEBUG com.sapient.training.aspect.LoggingAspect [http-nio-8081-exec-3] Exit: com.sapient.training.service.EmployeeServiceImpl.getAllEmployees() with result = [Employee(id=2, name=Virat Kohli, job=Developer, hiredate=2019-10-15, salary=2350000.0), Employee(id=3, name=Rahul, job=Developer, hiredate=2018-10-15, salary=350000.0), Employee(id=4, name=Vinay Kumar, job=Manager, hiredate=2017-08-25, salary=1.935E7), Employee(id=7, name=Hardhik Pandya, job=Analyst, hiredate=2018-05-12, salary=6758980.0), Employee(id=5, name=Lavanya, job=Manager, hiredate=2020-10-25, salary=879999.0), Employee(id=6, name=Lalith Kumar, job=Developer, hiredate=2017-10-16, salary=123456.0), Employee(id=1, name=Rohit Sharma, job=Manager, hiredate=2010-10-15, salary=2000000.0)]
2020-12-13 12:50:14,789 DEBUG com.sapient.training.aspect.LoggingAspect [http-nio-8081-exec-5] Enter: com.sapient.training.service.EmployeeServiceImpl.getAllEmployees() with argument[s] = []
2020-12-13 12:50:14,794 DEBUG com.sapient.training.aspect.LoggingAspect [http-nio-8081-exec-5] Exit: com.sapient.training.service.EmployeeServiceImpl.getAllEmployees() with result = [Employee(id=2, name=Virat Kohli, job=Developer, hiredate=2019-10-15, salary=2350000.0), Employee(id=3, name=Rahul, job=Developer, hiredate=2018-10-15, salary=350000.0), Employee(id=4, name=Vinay Kumar, job=Manager, hiredate=2017-08-25, salary=1.935E7), Employee(id=7, name=Hardhik Pandya, job=Analyst, hiredate=2018-05-12, salary=6758980.0), Employee(id=5, name=Lavanya, job=Manager, hiredate=2020-10-25, salary=879999.0), Employee(id=6, name=Lalith Kumar, job=Developer, hiredate=2017-10-16, salary=123456.0), Employee(id=1, name=Rohit Sharma, job=Manager, hiredate=2010-10-15, salary=2000000.0)]
2020-12-13 12:50:41,581 DEBUG com.sapient.training.aspect.LoggingAspect [http-nio-8081-exec-7] Enter: com.sapient.training.service.EmployeeServiceImpl.save() with argument[s] = [Employee(id=null, name=Ram Kumar, job=Analyst, hiredate=Sat May 12 05:30:00 IST 2018, salary=123456.0)]
2020-12-13 12:50:41,599 DEBUG com.sapient.training.aspect.LoggingAspect [http-nio-8081-exec-7] Exit: com.sapient.training.service.EmployeeServiceImpl.save() with result = Employee(id=8, name=Ram Kumar, job=Analyst, hiredate=Sat May 12 05:30:00 IST 2018, salary=123456.0)
2020-12-13 12:50:41,633 DEBUG com.sapient.training.aspect.LoggingAspect [http-nio-8081-exec-8] Enter: com.sapient.training.service.EmployeeServiceImpl.getAllEmployees() with argument[s] = []
2020-12-13 12:50:41,636 DEBUG com.sapient.training.aspect.LoggingAspect [http-nio-8081-exec-8] Exit: com.sapient.training.service.EmployeeServiceImpl.getAllEmployees() with result = [Employee(id=2, name=Virat Kohli, job=Developer, hiredate=2019-10-15, salary=2350000.0), Employee(id=3, name=Rahul, job=Developer, hiredate=2018-10-15, salary=350000.0), Employee(id=4, name=Vinay Kumar, job=Manager, hiredate=2017-08-25, salary=1.935E7), Employee(id=7, name=Hardhik Pandya, job=Analyst, hiredate=2018-05-12, salary=6758980.0), Employee(id=5, name=Lavanya, job=Manager, hiredate=2020-10-25, salary=879999.0), Employee(id=6, name=Lalith Kumar, job=Developer, hiredate=2017-10-16, salary=123456.0), Employee(id=1, name=Rohit Sharma, job=Manager, hiredate=2010-10-15, salary=2000000.0), Employee(id=8, name=Ram Kumar, job=Analyst, hiredate=2018-05-12, salary=123456.0)]
2020-12-13 12:50:46,234 DEBUG com.sapient.training.aspect.LoggingAspect [http-nio-8081-exec-9] Enter: com.sapient.training.service.EmployeeServiceImpl.getAllEmployees() with argument[s] = []
2020-12-13 12:50:46,238 DEBUG com.sapient.training.aspect.LoggingAspect [http-nio-8081-exec-9] Exit: com.sapient.training.service.EmployeeServiceImpl.getAllEmployees() with result = [Employee(id=2, name=Virat Kohli, job=Developer, hiredate=2019-10-15, salary=2350000.0), Employee(id=3, name=Rahul, job=Developer, hiredate=2018-10-15, salary=350000.0), Employee(id=4, name=Vinay Kumar, job=Manager, hiredate=2017-08-25, salary=1.935E7), Employee(id=7, name=Hardhik Pandya, job=Analyst, hiredate=2018-05-12, salary=6758980.0), Employee(id=5, name=Lavanya, job=Manager, hiredate=2020-10-25, salary=879999.0), Employee(id=6, name=Lalith Kumar, job=Developer, hiredate=2017-10-16, salary=123456.0), Employee(id=1, name=Rohit Sharma, job=Manager, hiredate=2010-10-15, salary=2000000.0), Employee(id=8, name=Ram Kumar, job=Analyst, hiredate=2018-05-12, salary=123456.0)]
2020-12-13 12:50:58,736 DEBUG com.sapient.training.aspect.LoggingAspect [http-nio-8081-exec-10] Enter: com.sapient.training.service.EmployeeServiceImpl.getEmployeeById() with argument[s] = [8]
2020-12-13 12:50:58,738 DEBUG com.sapient.training.aspect.LoggingAspect [http-nio-8081-exec-10] Exit: com.sapient.training.service.EmployeeServiceImpl.getEmployeeById() with result = Employee(id=8, name=Ram Kumar, job=Analyst, hiredate=2018-05-12, salary=123456.0)
2020-12-13 12:51:03,680 DEBUG com.sapient.training.aspect.LoggingAspect [http-nio-8081-exec-1] Enter: com.sapient.training.service.EmployeeServiceImpl.getEmployeeById() with argument[s] = [8]
2020-12-13 12:51:03,682 DEBUG com.sapient.training.aspect.LoggingAspect [http-nio-8081-exec-1] Exit: com.sapient.training.service.EmployeeServiceImpl.getEmployeeById() with result = Employee(id=8, name=Ram Kumar, job=Analyst, hiredate=2018-05-12, salary=123456.0)
2020-12-13 12:51:03,683 DEBUG com.sapient.training.aspect.LoggingAspect [http-nio-8081-exec-1] Enter: com.sapient.training.service.EmployeeServiceImpl.update() with argument[s] = [Employee(id=8, name=Ram Kumar, job=Analyst, hiredate=Sat May 12 00:00:00 IST 2018, salary=1234560.0)]
2020-12-13 12:51:03,683 DEBUG com.sapient.training.aspect.LoggingAspect [http-nio-8081-exec-1] Exit: com.sapient.training.service.EmployeeServiceImpl.update() with result = Employee(id=8, name=Ram Kumar, job=Analyst, hiredate=Sat May 12 00:00:00 IST 2018, salary=1234560.0)
2020-12-13 12:51:03,722 DEBUG com.sapient.training.aspect.LoggingAspect [http-nio-8081-exec-3] Enter: com.sapient.training.service.EmployeeServiceImpl.getAllEmployees() with argument[s] = []
2020-12-13 12:51:03,725 DEBUG com.sapient.training.aspect.LoggingAspect [http-nio-8081-exec-3] Exit: com.sapient.training.service.EmployeeServiceImpl.getAllEmployees() with result = [Employee(id=2, name=Virat Kohli, job=Developer, hiredate=2019-10-15, salary=2350000.0), Employee(id=3, name=Rahul, job=Developer, hiredate=2018-10-15, salary=350000.0), Employee(id=4, name=Vinay Kumar, job=Manager, hiredate=2017-08-25, salary=1.935E7), Employee(id=7, name=Hardhik Pandya, job=Analyst, hiredate=2018-05-12, salary=6758980.0), Employee(id=5, name=Lavanya, job=Manager, hiredate=2020-10-25, salary=879999.0), Employee(id=6, name=Lalith Kumar, job=Developer, hiredate=2017-10-16, salary=123456.0), Employee(id=1, name=Rohit Sharma, job=Manager, hiredate=2010-10-15, salary=2000000.0), Employee(id=8, name=Ram Kumar, job=Analyst, hiredate=2018-05-12, salary=1234560.0)]
2020-12-13 12:51:08,917 DEBUG com.sapient.training.aspect.LoggingAspect [http-nio-8081-exec-4] Enter: com.sapient.training.service.EmployeeServiceImpl.getAllEmployees() with argument[s] = []
2020-12-13 12:51:08,919 DEBUG com.sapient.training.aspect.LoggingAspect [http-nio-8081-exec-4] Exit: com.sapient.training.service.EmployeeServiceImpl.getAllEmployees() with result = [Employee(id=2, name=Virat Kohli, job=Developer, hiredate=2019-10-15, salary=2350000.0), Employee(id=3, name=Rahul, job=Developer, hiredate=2018-10-15, salary=350000.0), Employee(id=4, name=Vinay Kumar, job=Manager, hiredate=2017-08-25, salary=1.935E7), Employee(id=7, name=Hardhik Pandya, job=Analyst, hiredate=2018-05-12, salary=6758980.0), Employee(id=5, name=Lavanya, job=Manager, hiredate=2020-10-25, salary=879999.0), Employee(id=6, name=Lalith Kumar, job=Developer, hiredate=2017-10-16, salary=123456.0), Employee(id=1, name=Rohit Sharma, job=Manager, hiredate=2010-10-15, salary=2000000.0), Employee(id=8, name=Ram Kumar, job=Analyst, hiredate=2018-05-12, salary=1234560.0)]
2020-12-13 12:51:20,597 DEBUG com.sapient.training.aspect.LoggingAspect [http-nio-8081-exec-5] Enter: com.sapient.training.service.EmployeeServiceImpl.getEmployeeById() with argument[s] = [4]
2020-12-13 12:51:20,599 DEBUG com.sapient.training.aspect.LoggingAspect [http-nio-8081-exec-5] Exit: com.sapient.training.service.EmployeeServiceImpl.getEmployeeById() with result = Employee(id=4, name=Vinay Kumar, job=Manager, hiredate=2017-08-25, salary=1.935E7)
2020-12-13 12:51:31,750 DEBUG com.sapient.training.aspect.LoggingAspect [http-nio-8081-exec-7] Enter: com.sapient.training.service.EmployeeServiceImpl.getEmployeeById() with argument[s] = [4]
2020-12-13 12:51:31,751 DEBUG com.sapient.training.aspect.LoggingAspect [http-nio-8081-exec-7] Exit: com.sapient.training.service.EmployeeServiceImpl.getEmployeeById() with result = Employee(id=4, name=Vinay Kumar, job=Manager, hiredate=2017-08-25, salary=1.935E7)
2020-12-13 12:51:31,752 DEBUG com.sapient.training.aspect.LoggingAspect [http-nio-8081-exec-7] Enter: com.sapient.training.service.EmployeeServiceImpl.update() with argument[s] = [Employee(id=4, name=Vinay Kumar, job=Sr. Manager, hiredate=Fri Aug 25 00:00:00 IST 2017, salary=5.935E7)]
2020-12-13 12:51:31,753 DEBUG com.sapient.training.aspect.LoggingAspect [http-nio-8081-exec-7] Exit: com.sapient.training.service.EmployeeServiceImpl.update() with result = Employee(id=4, name=Vinay Kumar, job=Sr. Manager, hiredate=Fri Aug 25 00:00:00 IST 2017, salary=5.935E7)
2020-12-13 12:51:31,810 DEBUG com.sapient.training.aspect.LoggingAspect [http-nio-8081-exec-8] Enter: com.sapient.training.service.EmployeeServiceImpl.getAllEmployees() with argument[s] = []
2020-12-13 12:51:31,814 DEBUG com.sapient.training.aspect.LoggingAspect [http-nio-8081-exec-8] Exit: com.sapient.training.service.EmployeeServiceImpl.getAllEmployees() with result = [Employee(id=2, name=Virat Kohli, job=Developer, hiredate=2019-10-15, salary=2350000.0), Employee(id=3, name=Rahul, job=Developer, hiredate=2018-10-15, salary=350000.0), Employee(id=7, name=Hardhik Pandya, job=Analyst, hiredate=2018-05-12, salary=6758980.0), Employee(id=5, name=Lavanya, job=Manager, hiredate=2020-10-25, salary=879999.0), Employee(id=6, name=Lalith Kumar, job=Developer, hiredate=2017-10-16, salary=123456.0), Employee(id=1, name=Rohit Sharma, job=Manager, hiredate=2010-10-15, salary=2000000.0), Employee(id=8, name=Ram Kumar, job=Analyst, hiredate=2018-05-12, salary=1234560.0), Employee(id=4, name=Vinay Kumar, job=Sr. Manager, hiredate=2017-08-25, salary=5.935E7)]
2020-12-13 12:51:36,538 DEBUG com.sapient.training.aspect.LoggingAspect [http-nio-8081-exec-9] Enter: com.sapient.training.service.EmployeeServiceImpl.getAllEmployees() with argument[s] = []
2020-12-13 12:51:36,542 DEBUG com.sapient.training.aspect.LoggingAspect [http-nio-8081-exec-9] Exit: com.sapient.training.service.EmployeeServiceImpl.getAllEmployees() with result = [Employee(id=2, name=Virat Kohli, job=Developer, hiredate=2019-10-15, salary=2350000.0), Employee(id=3, name=Rahul, job=Developer, hiredate=2018-10-15, salary=350000.0), Employee(id=7, name=Hardhik Pandya, job=Analyst, hiredate=2018-05-12, salary=6758980.0), Employee(id=5, name=Lavanya, job=Manager, hiredate=2020-10-25, salary=879999.0), Employee(id=6, name=Lalith Kumar, job=Developer, hiredate=2017-10-16, salary=123456.0), Employee(id=1, name=Rohit Sharma, job=Manager, hiredate=2010-10-15, salary=2000000.0), Employee(id=8, name=Ram Kumar, job=Analyst, hiredate=2018-05-12, salary=1234560.0), Employee(id=4, name=Vinay Kumar, job=Sr. Manager, hiredate=2017-08-25, salary=5.935E7)]
2020-12-13 13:33:10,779 INFO com.sapient.training.app.SpringDataJpaAppApplication [restartedMain] Starting SpringDataJpaAppApplication on DESKTOP-B8FF4R1 with PID 23776 (F:\Corporate Training\KLS\Spring 5\Spring Data\spring-data-jpa-app\target\classes started by Admin in F:\Corporate Training\KLS\Spring 5\Spring Data\spring-data-jpa-app)
2020-12-13 13:33:10,785 DEBUG com.sapient.training.app.SpringDataJpaAppApplication [restartedMain] Running with Spring Boot v2.3.4.RELEASE, Spring v5.2.9.RELEASE
2020-12-13 13:33:10,786 INFO com.sapient.training.app.SpringDataJpaAppApplication [restartedMain] No active profile set, falling back to default profiles: default
2020-12-13 13:33:10,940 INFO org.springframework.boot.devtools.env.DevToolsPropertyDefaultsPostProcessor [restartedMain] Devtools property defaults active! Set 'spring.devtools.add-properties' to 'false' to disable
2020-12-13 13:33:10,940 INFO org.springframework.boot.devtools.env.DevToolsPropertyDefaultsPostProcessor [restartedMain] For additional web related logging consider setting the 'logging.level.web' property to 'DEBUG'
2020-12-13 13:33:12,495 INFO org.springframework.data.repository.config.RepositoryConfigurationDelegate [restartedMain] Bootstrapping Spring Data JPA repositories in DEFAULT mode.
2020-12-13 13:33:12,565 INFO org.springframework.data.repository.config.RepositoryConfigurationDelegate [restartedMain] Finished Spring Data repository scanning in 60ms. Found 1 JPA repository interfaces.
2020-12-13 13:33:14,498 INFO org.springframework.boot.web.embedded.tomcat.TomcatWebServer [restartedMain] Tomcat initialized with port(s): 8081 (http)
2020-12-13 13:33:14,510 INFO org.apache.coyote.http11.Http11NioProtocol [restartedMain] Initializing ProtocolHandler ["http-nio-8081"]
2020-12-13 13:33:14,511 INFO org.apache.catalina.core.StandardService [restartedMain] Starting service [Tomcat]
2020-12-13 13:33:14,511 INFO org.apache.catalina.core.StandardEngine [restartedMain] Starting Servlet engine: [Apache Tomcat/9.0.38]
2020-12-13 13:33:14,627 INFO org.apache.catalina.core.ContainerBase.[Tomcat].[localhost].[/springfox] [restartedMain] Initializing Spring embedded WebApplicationContext
2020-12-13 13:33:14,628 INFO org.springframework.boot.web.servlet.context.ServletWebServerApplicationContext [restartedMain] Root WebApplicationContext: initialization completed in 3688 ms
2020-12-13 13:33:15,109 INFO org.hibernate.jpa.internal.util.LogHelper [restartedMain] HHH000204: Processing PersistenceUnitInfo [name: default]
2020-12-13 13:33:15,183 INFO org.hibernate.Version [restartedMain] HHH000412: Hibernate ORM core version 5.4.21.Final
2020-12-13 13:33:15,367 INFO org.hibernate.annotations.common.Version [restartedMain] HCANN000001: Hibernate Commons Annotations {5.1.0.Final}
2020-12-13 13:33:15,507 INFO com.zaxxer.hikari.HikariDataSource [restartedMain] HikariPool-1 - Starting...
2020-12-13 13:33:15,663 INFO com.zaxxer.hikari.HikariDataSource [restartedMain] HikariPool-1 - Start completed.
2020-12-13 13:33:15,702 INFO org.hibernate.dialect.Dialect [restartedMain] HHH000400: Using dialect: org.hibernate.dialect.PostgreSQL10Dialect
2020-12-13 13:33:16,748 INFO org.hibernate.engine.transaction.jta.platform.internal.JtaPlatformInitiator [restartedMain] HHH000490: Using JtaPlatform implementation: [org.hibernate.engine.transaction.jta.platform.internal.NoJtaPlatform]
2020-12-13 13:33:16,756 INFO org.springframework.orm.jpa.LocalContainerEntityManagerFactoryBean [restartedMain] Initialized JPA EntityManagerFactory for persistence unit 'default'
2020-12-13 13:33:16,782 INFO org.springframework.boot.devtools.autoconfigure.OptionalLiveReloadServer [restartedMain] LiveReload server is running on port 35729
2020-12-13 13:33:17,727 WARN org.springframework.boot.autoconfigure.orm.jpa.JpaBaseConfiguration$JpaWebConfiguration [restartedMain] spring.jpa.open-in-view is enabled by default. Therefore, database queries may be performed during view rendering. Explicitly configure spring.jpa.open-in-view to disable this warning
2020-12-13 13:33:17,992 INFO org.springframework.boot.actuate.endpoint.web.EndpointLinksResolver [restartedMain] Exposing 2 endpoint(s) beneath base path '/actuator'
2020-12-13 13:33:18,621 INFO org.apache.coyote.http11.Http11NioProtocol [restartedMain] Starting ProtocolHandler ["http-nio-8081"]
2020-12-13 13:33:18,660 INFO org.springframework.boot.web.embedded.tomcat.TomcatWebServer [restartedMain] Tomcat started on port(s): 8081 (http) with context path '/springfox'
2020-12-13 13:33:19,082 INFO com.sapient.training.app.SpringDataJpaAppApplication [restartedMain] Started SpringDataJpaAppApplication in 8.783 seconds (JVM running for 9.591)
2020-12-13 13:33:38,443 INFO org.apache.catalina.core.ContainerBase.[Tomcat].[localhost].[/springfox] [http-nio-8081-exec-2] Initializing Spring DispatcherServlet 'dispatcherServlet'
2020-12-13 13:33:38,443 INFO org.springframework.web.servlet.DispatcherServlet [http-nio-8081-exec-2] Initializing Servlet 'dispatcherServlet'
2020-12-13 13:33:38,458 INFO org.springframework.web.servlet.DispatcherServlet [http-nio-8081-exec-2] Completed initialization in 14 ms
2020-12-13 13:33:38,535 DEBUG com.sapient.training.aspect.LoggingAspect [http-nio-8081-exec-2] Enter: com.sapient.training.service.EmployeeServiceImpl.deleteEmployee() with argument[s] = [8]
2020-12-13 13:33:38,612 DEBUG com.sapient.training.aspect.LoggingAspect [http-nio-8081-exec-2] Exit: com.sapient.training.service.EmployeeServiceImpl.deleteEmployee() with result = {Employee deleted=true}
2020-12-13 14:03:54,575 DEBUG com.sapient.training.aspect.LoggingAspect [http-nio-8081-exec-4] Enter: com.sapient.training.service.EmployeeServiceImpl.getAllEmployees() with argument[s] = []
2020-12-13 14:03:54,605 DEBUG com.sapient.training.aspect.LoggingAspect [http-nio-8081-exec-4] Exit: com.sapient.training.service.EmployeeServiceImpl.getAllEmployees() with result = [Employee(id=2, name=Virat Kohli, job=Developer, hiredate=2019-10-15, salary=2350000.0), Employee(id=3, name=Rahul, job=Developer, hiredate=2018-10-15, salary=350000.0), Employee(id=7, name=Hardhik Pandya, job=Analyst, hiredate=2018-05-12, salary=6758980.0), Employee(id=5, name=Lavanya, job=Manager, hiredate=2020-10-25, salary=879999.0), Employee(id=6, name=Lalith Kumar, job=Developer, hiredate=2017-10-16, salary=123456.0), Employee(id=1, name=Rohit Sharma, job=Manager, hiredate=2010-10-15, salary=2000000.0), Employee(id=4, name=Vinay Kumar, job=Sr. Manager, hiredate=2017-08-25, salary=5.935E7)]
2020-12-13 14:04:26,549 DEBUG com.sapient.training.aspect.LoggingAspect [http-nio-8081-exec-5] Enter: com.sapient.training.service.EmployeeServiceImpl.getAllEmployees() with argument[s] = []
2020-12-13 14:04:26,553 DEBUG com.sapient.training.aspect.LoggingAspect [http-nio-8081-exec-5] Exit: com.sapient.training.service.EmployeeServiceImpl.getAllEmployees() with result = [Employee(id=2, name=Virat Kohli, job=Developer, hiredate=2019-10-15, salary=2350000.0), Employee(id=3, name=Rahul, job=Developer, hiredate=2018-10-15, salary=350000.0), Employee(id=7, name=Hardhik Pandya, job=Analyst, hiredate=2018-05-12, salary=6758980.0), Employee(id=5, name=Lavanya, job=Manager, hiredate=2020-10-25, salary=879999.0), Employee(id=6, name=Lalith Kumar, job=Developer, hiredate=2017-10-16, salary=123456.0), Employee(id=1, name=Rohit Sharma, job=Manager, hiredate=2010-10-15, salary=2000000.0), Employee(id=4, name=Vinay Kumar, job=Sr. Manager, hiredate=2017-08-25, salary=5.935E7)]
2020-12-13 14:08:18,548 DEBUG com.sapient.training.aspect.LoggingAspect [http-nio-8081-exec-7] Enter: com.sapient.training.service.EmployeeServiceImpl.getAllEmployees() with argument[s] = []
2020-12-13 14:08:18,554 DEBUG com.sapient.training.aspect.LoggingAspect [http-nio-8081-exec-7] Exit: com.sapient.training.service.EmployeeServiceImpl.getAllEmployees() with result = [Employee(id=2, name=Virat Kohli, job=Developer, hiredate=2019-10-15, salary=2350000.0), Employee(id=3, name=Rahul, job=Developer, hiredate=2018-10-15, salary=350000.0), Employee(id=7, name=Hardhik Pandya, job=Analyst, hiredate=2018-05-12, salary=6758980.0), Employee(id=5, name=Lavanya, job=Manager, hiredate=2020-10-25, salary=879999.0), Employee(id=6, name=Lalith Kumar, job=Developer, hiredate=2017-10-16, salary=123456.0), Employee(id=1, name=Rohit Sharma, job=Manager, hiredate=2010-10-15, salary=2000000.0), Employee(id=4, name=Vinay Kumar, job=Sr. Manager, hiredate=2017-08-25, salary=5.935E7)]
2020-12-13 14:08:24,857 DEBUG com.sapient.training.aspect.LoggingAspect [http-nio-8081-exec-8] Enter: com.sapient.training.service.EmployeeServiceImpl.getAllEmployees() with argument[s] = []
2020-12-13 14:08:24,863 DEBUG com.sapient.training.aspect.LoggingAspect [http-nio-8081-exec-8] Exit: com.sapient.training.service.EmployeeServiceImpl.getAllEmployees() with result = [Employee(id=2, name=Virat Kohli, job=Developer, hiredate=2019-10-15, salary=2350000.0), Employee(id=3, name=Rahul, job=Developer, hiredate=2018-10-15, salary=350000.0), Employee(id=7, name=Hardhik Pandya, job=Analyst, hiredate=2018-05-12, salary=6758980.0), Employee(id=5, name=Lavanya, job=Manager, hiredate=2020-10-25, salary=879999.0), Employee(id=6, name=Lalith Kumar, job=Developer, hiredate=2017-10-16, salary=123456.0), Employee(id=1, name=Rohit Sharma, job=Manager, hiredate=2010-10-15, salary=2000000.0), Employee(id=4, name=Vinay Kumar, job=Sr. Manager, hiredate=2017-08-25, salary=5.935E7)]
2020-12-13 14:08:29,923 DEBUG com.sapient.training.aspect.LoggingAspect [http-nio-8081-exec-9] Enter: com.sapient.training.service.EmployeeServiceImpl.getAllEmployees() with argument[s] = []
2020-12-13 14:08:29,927 DEBUG com.sapient.training.aspect.LoggingAspect [http-nio-8081-exec-9] Exit: com.sapient.training.service.EmployeeServiceImpl.getAllEmployees() with result = [Employee(id=2, name=Virat Kohli, job=Developer, hiredate=2019-10-15, salary=2350000.0), Employee(id=3, name=Rahul, job=Developer, hiredate=2018-10-15, salary=350000.0), Employee(id=7, name=Hardhik Pandya, job=Analyst, hiredate=2018-05-12, salary=6758980.0), Employee(id=5, name=Lavanya, job=Manager, hiredate=2020-10-25, salary=879999.0), Employee(id=6, name=Lalith Kumar, job=Developer, hiredate=2017-10-16, salary=123456.0), Employee(id=1, name=Rohit Sharma, job=Manager, hiredate=2010-10-15, salary=2000000.0), Employee(id=4, name=Vinay Kumar, job=Sr. Manager, hiredate=2017-08-25, salary=5.935E7)]
2020-12-13 14:08:33,132 DEBUG com.sapient.training.aspect.LoggingAspect [http-nio-8081-exec-10] Enter: com.sapient.training.service.EmployeeServiceImpl.getAllEmployees() with argument[s] = []
2020-12-13 14:08:33,134 DEBUG com.sapient.training.aspect.LoggingAspect [http-nio-8081-exec-10] Exit: com.sapient.training.service.EmployeeServiceImpl.getAllEmployees() with result = [Employee(id=2, name=Virat Kohli, job=Developer, hiredate=2019-10-15, salary=2350000.0), Employee(id=3, name=Rahul, job=Developer, hiredate=2018-10-15, salary=350000.0), Employee(id=7, name=Hardhik Pandya, job=Analyst, hiredate=2018-05-12, salary=6758980.0), Employee(id=5, name=Lavanya, job=Manager, hiredate=2020-10-25, salary=879999.0), Employee(id=6, name=Lalith Kumar, job=Developer, hiredate=2017-10-16, salary=123456.0), Employee(id=1, name=Rohit Sharma, job=Manager, hiredate=2010-10-15, salary=2000000.0), Employee(id=4, name=Vinay Kumar, job=Sr. Manager, hiredate=2017-08-25, salary=5.935E7)]
2020-12-13 14:17:20,564 DEBUG com.sapient.training.aspect.LoggingAspect [http-nio-8081-exec-2] Enter: com.sapient.training.service.EmployeeServiceImpl.getAllEmployees() with argument[s] = []
2020-12-13 14:17:20,568 DEBUG com.sapient.training.aspect.LoggingAspect [http-nio-8081-exec-2] Exit: com.sapient.training.service.EmployeeServiceImpl.getAllEmployees() with result = [Employee(id=2, name=Virat Kohli, job=Developer, hiredate=2019-10-15, salary=2350000.0), Employee(id=3, name=Rahul, job=Developer, hiredate=2018-10-15, salary=350000.0), Employee(id=7, name=Hardhik Pandya, job=Analyst, hiredate=2018-05-12, salary=6758980.0), Employee(id=5, name=Lavanya, job=Manager, hiredate=2020-10-25, salary=879999.0), Employee(id=6, name=Lalith Kumar, job=Developer, hiredate=2017-10-16, salary=123456.0), Employee(id=1, name=Rohit Sharma, job=Manager, hiredate=2010-10-15, salary=2000000.0), Employee(id=4, name=Vinay Kumar, job=Sr. Manager, hiredate=2017-08-25, salary=5.935E7)]
2020-12-13 14:20:25,194 DEBUG com.sapient.training.aspect.LoggingAspect [http-nio-8081-exec-4] Enter: com.sapient.training.service.EmployeeServiceImpl.getAllEmployees() with argument[s] = []
2020-12-13 14:20:25,199 DEBUG com.sapient.training.aspect.LoggingAspect [http-nio-8081-exec-4] Exit: com.sapient.training.service.EmployeeServiceImpl.getAllEmployees() with result = [Employee(id=2, name=Virat Kohli, job=Developer, hiredate=2019-10-15, salary=2350000.0), Employee(id=3, name=Rahul, job=Developer, hiredate=2018-10-15, salary=350000.0), Employee(id=7, name=Hardhik Pandya, job=Analyst, hiredate=2018-05-12, salary=6758980.0), Employee(id=5, name=Lavanya, job=Manager, hiredate=2020-10-25, salary=879999.0), Employee(id=6, name=Lalith Kumar, job=Developer, hiredate=2017-10-16, salary=123456.0), Employee(id=1, name=Rohit Sharma, job=Manager, hiredate=2010-10-15, salary=2000000.0), Employee(id=4, name=Vinay Kumar, job=Sr. Manager, hiredate=2017-08-25, salary=5.935E7)]
2020-12-13 14:30:39,563 DEBUG com.sapient.training.aspect.LoggingAspect [http-nio-8081-exec-6] Enter: com.sapient.training.service.EmployeeServiceImpl.getAllEmployees() with argument[s] = []
2020-12-13 14:30:39,567 DEBUG com.sapient.training.aspect.LoggingAspect [http-nio-8081-exec-6] Exit: com.sapient.training.service.EmployeeServiceImpl.getAllEmployees() with result = [Employee(id=2, name=Virat Kohli, job=Developer, hiredate=2019-10-15, salary=2350000.0), Employee(id=3, name=Rahul, job=Developer, hiredate=2018-10-15, salary=350000.0), Employee(id=7, name=Hardhik Pandya, job=Analyst, hiredate=2018-05-12, salary=6758980.0), Employee(id=5, name=Lavanya, job=Manager, hiredate=2020-10-25, salary=879999.0), Employee(id=6, name=Lalith Kumar, job=Developer, hiredate=2017-10-16, salary=123456.0), Employee(id=1, name=Rohit Sharma, job=Manager, hiredate=2010-10-15, salary=2000000.0), Employee(id=4, name=Vinay Kumar, job=Sr. Manager, hiredate=2017-08-25, salary=5.935E7)]
2020-12-13 14:31:09,865 DEBUG com.sapient.training.aspect.LoggingAspect [http-nio-8081-exec-7] Enter: com.sapient.training.service.EmployeeServiceImpl.getAllEmployees() with argument[s] = []
2020-12-13 14:31:09,869 DEBUG com.sapient.training.aspect.LoggingAspect [http-nio-8081-exec-7] Exit: com.sapient.training.service.EmployeeServiceImpl.getAllEmployees() with result = [Employee(id=2, name=Virat Kohli, job=Developer, hiredate=2019-10-15, salary=2350000.0), Employee(id=3, name=Rahul, job=Developer, hiredate=2018-10-15, salary=350000.0), Employee(id=7, name=Hardhik Pandya, job=Analyst, hiredate=2018-05-12, salary=6758980.0), Employee(id=5, name=Lavanya, job=Manager, hiredate=2020-10-25, salary=879999.0), Employee(id=6, name=Lalith Kumar, job=Developer, hiredate=2017-10-16, salary=123456.0), Employee(id=1, name=Rohit Sharma, job=Manager, hiredate=2010-10-15, salary=2000000.0), Employee(id=4, name=Vinay Kumar, job=Sr. Manager, hiredate=2017-08-25, salary=5.935E7)]
2020-12-13 14:31:56,545 DEBUG com.sapient.training.aspect.LoggingAspect [http-nio-8081-exec-8] Enter: com.sapient.training.service.EmployeeServiceImpl.getAllEmployees() with argument[s] = []
2020-12-13 14:31:56,548 DEBUG com.sapient.training.aspect.LoggingAspect [http-nio-8081-exec-8] Exit: com.sapient.training.service.EmployeeServiceImpl.getAllEmployees() with result = [Employee(id=2, name=Virat Kohli, job=Developer, hiredate=2019-10-15, salary=2350000.0), Employee(id=3, name=Rahul, job=Developer, hiredate=2018-10-15, salary=350000.0), Employee(id=7, name=Hardhik Pandya, job=Analyst, hiredate=2018-05-12, salary=6758980.0), Employee(id=5, name=Lavanya, job=Manager, hiredate=2020-10-25, salary=879999.0), Employee(id=6, name=Lalith Kumar, job=Developer, hiredate=2017-10-16, salary=123456.0), Employee(id=1, name=Rohit Sharma, job=Manager, hiredate=2010-10-15, salary=2000000.0), Employee(id=4, name=Vinay Kumar, job=Sr. Manager, hiredate=2017-08-25, salary=5.935E7)]
2020-12-13 14:32:03,242 DEBUG com.sapient.training.aspect.LoggingAspect [http-nio-8081-exec-9] Enter: com.sapient.training.service.EmployeeServiceImpl.getAllEmployees() with argument[s] = []
2020-12-13 14:32:03,246 DEBUG com.sapient.training.aspect.LoggingAspect [http-nio-8081-exec-9] Exit: com.sapient.training.service.EmployeeServiceImpl.getAllEmployees() with result = [Employee(id=2, name=Virat Kohli, job=Developer, hiredate=2019-10-15, salary=2350000.0), Employee(id=3, name=Rahul, job=Developer, hiredate=2018-10-15, salary=350000.0), Employee(id=7, name=Hardhik Pandya, job=Analyst, hiredate=2018-05-12, salary=6758980.0), Employee(id=5, name=Lavanya, job=Manager, hiredate=2020-10-25, salary=879999.0), Employee(id=6, name=Lalith Kumar, job=Developer, hiredate=2017-10-16, salary=123456.0), Employee(id=1, name=Rohit Sharma, job=Manager, hiredate=2010-10-15, salary=2000000.0), Employee(id=4, name=Vinay Kumar, job=Sr. Manager, hiredate=2017-08-25, salary=5.935E7)]
2020-12-13 14:32:05,473 DEBUG com.sapient.training.aspect.LoggingAspect [http-nio-8081-exec-1] Enter: com.sapient.training.service.EmployeeServiceImpl.deleteEmployee() with argument[s] = [2]
2020-12-13 14:32:05,477 DEBUG com.sapient.training.aspect.LoggingAspect [http-nio-8081-exec-1] Exit: com.sapient.training.service.EmployeeServiceImpl.deleteEmployee() with result = {Employee deleted=true}
2020-12-13 14:32:08,659 DEBUG com.sapient.training.aspect.LoggingAspect [http-nio-8081-exec-3] Enter: com.sapient.training.service.EmployeeServiceImpl.deleteEmployee() with argument[s] = [3]
2020-12-13 14:32:08,662 DEBUG com.sapient.training.aspect.LoggingAspect [http-nio-8081-exec-3] Exit: com.sapient.training.service.EmployeeServiceImpl.deleteEmployee() with result = {Employee deleted=true}
2020-12-13 14:32:19,465 DEBUG com.sapient.training.aspect.LoggingAspect [http-nio-8081-exec-5] Enter: com.sapient.training.service.EmployeeServiceImpl.deleteEmployee() with argument[s] = [7]
2020-12-13 14:32:19,469 DEBUG com.sapient.training.aspect.LoggingAspect [http-nio-8081-exec-5] Exit: com.sapient.training.service.EmployeeServiceImpl.deleteEmployee() with result = {Employee deleted=true}
2020-12-13 14:32:34,296 DEBUG com.sapient.training.aspect.LoggingAspect [http-nio-8081-exec-6] Enter: com.sapient.training.service.EmployeeServiceImpl.getAllEmployees() with argument[s] = []
2020-12-13 14:32:34,300 DEBUG com.sapient.training.aspect.LoggingAspect [http-nio-8081-exec-6] Exit: com.sapient.training.service.EmployeeServiceImpl.getAllEmployees() with result = [Employee(id=5, name=Lavanya, job=Manager, hiredate=2020-10-25, salary=879999.0), Employee(id=6, name=Lalith Kumar, job=Developer, hiredate=2017-10-16, salary=123456.0), Employee(id=1, name=Rohit Sharma, job=Manager, hiredate=2010-10-15, salary=2000000.0), Employee(id=4, name=Vinay Kumar, job=Sr. Manager, hiredate=2017-08-25, salary=5.935E7)]
2020-12-13 15:09:58,550 DEBUG com.sapient.training.aspect.LoggingAspect [http-nio-8081-exec-8] Enter: com.sapient.training.service.EmployeeServiceImpl.getAllEmployees() with argument[s] = []
2020-12-13 15:09:58,554 DEBUG com.sapient.training.aspect.LoggingAspect [http-nio-8081-exec-8] Exit: com.sapient.training.service.EmployeeServiceImpl.getAllEmployees() with result = [Employee(id=5, name=Lavanya, job=Manager, hiredate=2020-10-25, salary=879999.0), Employee(id=6, name=Lalith Kumar, job=Developer, hiredate=2017-10-16, salary=123456.0), Employee(id=1, name=Rohit Sharma, job=Manager, hiredate=2010-10-15, salary=2000000.0), Employee(id=4, name=Vinay Kumar, job=Sr. Manager, hiredate=2017-08-25, salary=5.935E7)]
2020-12-13 15:10:58,258 DEBUG com.sapient.training.aspect.LoggingAspect [http-nio-8081-exec-9] Enter: com.sapient.training.service.EmployeeServiceImpl.getAllEmployees() with argument[s] = []
2020-12-13 15:10:58,262 DEBUG com.sapient.training.aspect.LoggingAspect [http-nio-8081-exec-9] Exit: com.sapient.training.service.EmployeeServiceImpl.getAllEmployees() with result = [Employee(id=5, name=Lavanya, job=Manager, hiredate=2020-10-25, salary=879999.0), Employee(id=6, name=Lalith Kumar, job=Developer, hiredate=2017-10-16, salary=123456.0), Employee(id=1, name=Rohit Sharma, job=Manager, hiredate=2010-10-15, salary=2000000.0), Employee(id=4, name=Vinay Kumar, job=Sr. Manager, hiredate=2017-08-25, salary=5.935E7)]
2020-12-13 15:39:29,138 DEBUG com.sapient.training.aspect.LoggingAspect [http-nio-8081-exec-1] Enter: com.sapient.training.service.EmployeeServiceImpl.getAllEmployees() with argument[s] = []
2020-12-13 15:39:29,144 DEBUG com.sapient.training.aspect.LoggingAspect [http-nio-8081-exec-1] Exit: com.sapient.training.service.EmployeeServiceImpl.getAllEmployees() with result = [Employee(id=5, name=Lavanya, job=Manager, hiredate=2020-10-25, salary=879999.0), Employee(id=6, name=Lalith Kumar, job=Developer, hiredate=2017-10-16, salary=123456.0), Employee(id=1, name=Rohit Sharma, job=Manager, hiredate=2010-10-15, salary=2000000.0), Employee(id=4, name=Vinay Kumar, job=Sr. Manager, hiredate=2017-08-25, salary=5.935E7)]
2020-12-13 15:39:30,449 DEBUG com.sapient.training.aspect.LoggingAspect [http-nio-8081-exec-2] Enter: com.sapient.training.service.EmployeeServiceImpl.getAllEmployees() with argument[s] = []
2020-12-13 15:39:30,457 DEBUG com.sapient.training.aspect.LoggingAspect [http-nio-8081-exec-2] Exit: com.sapient.training.service.EmployeeServiceImpl.getAllEmployees() with result = [Employee(id=5, name=Lavanya, job=Manager, hiredate=2020-10-25, salary=879999.0), Employee(id=6, name=Lalith Kumar, job=Developer, hiredate=2017-10-16, salary=123456.0), Employee(id=1, name=Rohit Sharma, job=Manager, hiredate=2010-10-15, salary=2000000.0), Employee(id=4, name=Vinay Kumar, job=Sr. Manager, hiredate=2017-08-25, salary=5.935E7)]
2020-12-13 15:40:22,668 DEBUG com.sapient.training.aspect.LoggingAspect [http-nio-8081-exec-3] Enter: com.sapient.training.service.EmployeeServiceImpl.getAllEmployees() with argument[s] = []
2020-12-13 15:40:22,672 DEBUG com.sapient.training.aspect.LoggingAspect [http-nio-8081-exec-3] Exit: com.sapient.training.service.EmployeeServiceImpl.getAllEmployees() with result = [Employee(id=5, name=Lavanya, job=Manager, hiredate=2020-10-25, salary=879999.0), Employee(id=6, name=Lalith Kumar, job=Developer, hiredate=2017-10-16, salary=123456.0), Employee(id=1, name=Rohit Sharma, job=Manager, hiredate=2010-10-15, salary=2000000.0), Employee(id=4, name=Vinay Kumar, job=Sr. Manager, hiredate=2017-08-25, salary=5.935E7)]
2020-12-13 15:40:27,086 DEBUG com.sapient.training.aspect.LoggingAspect [http-nio-8081-exec-4] Enter: com.sapient.training.service.EmployeeServiceImpl.getAllEmployees() with argument[s] = []
2020-12-13 15:40:27,089 DEBUG com.sapient.training.aspect.LoggingAspect [http-nio-8081-exec-4] Exit: com.sapient.training.service.EmployeeServiceImpl.getAllEmployees() with result = [Employee(id=5, name=Lavanya, job=Manager, hiredate=2020-10-25, salary=879999.0), Employee(id=6, name=Lalith Kumar, job=Developer, hiredate=2017-10-16, salary=123456.0), Employee(id=1, name=Rohit Sharma, job=Manager, hiredate=2010-10-15, salary=2000000.0), Employee(id=4, name=Vinay Kumar, job=Sr. Manager, hiredate=2017-08-25, salary=5.935E7)]
2020-12-13 15:40:35,758 DEBUG com.sapient.training.aspect.LoggingAspect [http-nio-8081-exec-5] Enter: com.sapient.training.service.EmployeeServiceImpl.getEmployeeById() with argument[s] = [5]
2020-12-13 15:40:35,762 DEBUG com.sapient.training.aspect.LoggingAspect [http-nio-8081-exec-5] Exit: com.sapient.training.service.EmployeeServiceImpl.getEmployeeById() with result = Employee(id=5, name=Lavanya, job=Manager, hiredate=2020-10-25, salary=879999.0)
2020-12-13 15:40:40,122 DEBUG com.sapient.training.aspect.LoggingAspect [http-nio-8081-exec-6] Enter: com.sapient.training.service.EmployeeServiceImpl.getAllEmployees() with argument[s] = []
2020-12-13 15:40:40,125 DEBUG com.sapient.training.aspect.LoggingAspect [http-nio-8081-exec-6] Exit: com.sapient.training.service.EmployeeServiceImpl.getAllEmployees() with result = [Employee(id=5, name=Lavanya, job=Manager, hiredate=2020-10-25, salary=879999.0), Employee(id=6, name=Lalith Kumar, job=Developer, hiredate=2017-10-16, salary=123456.0), Employee(id=1, name=Rohit Sharma, job=Manager, hiredate=2010-10-15, salary=2000000.0), Employee(id=4, name=Vinay Kumar, job=Sr. Manager, hiredate=2017-08-25, salary=5.935E7)]
2020-12-13 15:48:34,332 DEBUG com.sapient.training.aspect.LoggingAspect [http-nio-8081-exec-8] Enter: com.sapient.training.service.EmployeeServiceImpl.getEmployeeById() with argument[s] = [5]
2020-12-13 15:48:34,335 DEBUG com.sapient.training.aspect.LoggingAspect [http-nio-8081-exec-8] Exit: com.sapient.training.service.EmployeeServiceImpl.getEmployeeById() with result = Employee(id=5, name=Lavanya, job=Manager, hiredate=2020-10-25, salary=879999.0)
2020-12-13 15:48:39,820 DEBUG com.sapient.training.aspect.LoggingAspect [http-nio-8081-exec-9] Enter: com.sapient.training.service.EmployeeServiceImpl.getAllEmployees() with argument[s] = []
2020-12-13 15:48:39,823 DEBUG com.sapient.training.aspect.LoggingAspect [http-nio-8081-exec-9] Exit: com.sapient.training.service.EmployeeServiceImpl.getAllEmployees() with result = [Employee(id=5, name=Lavanya, job=Manager, hiredate=2020-10-25, salary=879999.0), Employee(id=6, name=Lalith Kumar, job=Developer, hiredate=2017-10-16, salary=123456.0), Employee(id=1, name=Rohit Sharma, job=Manager, hiredate=2010-10-15, salary=2000000.0), Employee(id=4, name=Vinay Kumar, job=Sr. Manager, hiredate=2017-08-25, salary=5.935E7)]
2020-12-13 15:51:36,908 DEBUG com.sapient.training.aspect.LoggingAspect [http-nio-8081-exec-1] Enter: com.sapient.training.service.EmployeeServiceImpl.getEmployeeById() with argument[s] = [1]
2020-12-13 15:51:36,911 DEBUG com.sapient.training.aspect.LoggingAspect [http-nio-8081-exec-1] Exit: com.sapient.training.service.EmployeeServiceImpl.getEmployeeById() with result = Employee(id=1, name=Rohit Sharma, job=Manager, hiredate=2010-10-15, salary=2000000.0)
2020-12-13 15:52:55,916 DEBUG com.sapient.training.aspect.LoggingAspect [http-nio-8081-exec-3] Enter: com.sapient.training.service.EmployeeServiceImpl.getAllEmployees() with argument[s] = []
2020-12-13 15:52:55,926 DEBUG com.sapient.training.aspect.LoggingAspect [http-nio-8081-exec-3] Exit: com.sapient.training.service.EmployeeServiceImpl.getAllEmployees() with result = [Employee(id=5, name=Lavanya, job=Manager, hiredate=2020-10-25, salary=879999.0), Employee(id=6, name=Lalith Kumar, job=Developer, hiredate=2017-10-16, salary=123456.0), Employee(id=1, name=Rohit Sharma, job=Manager, hiredate=2010-10-15, salary=2000000.0), Employee(id=4, name=Vinay Kumar, job=Sr. Manager, hiredate=2017-08-25, salary=5.935E7)]
2020-12-13 15:53:08,598 DEBUG com.sapient.training.aspect.LoggingAspect [http-nio-8081-exec-4] Enter: com.sapient.training.service.EmployeeServiceImpl.getEmployeeById() with argument[s] = [5]
2020-12-13 15:53:08,602 DEBUG com.sapient.training.aspect.LoggingAspect [http-nio-8081-exec-4] Exit: com.sapient.training.service.EmployeeServiceImpl.getEmployeeById() with result = Employee(id=5, name=Lavanya, job=Manager, hiredate=2020-10-25, salary=879999.0)
2020-12-13 15:53:10,477 DEBUG com.sapient.training.aspect.LoggingAspect [http-nio-8081-exec-5] Enter: com.sapient.training.service.EmployeeServiceImpl.getAllEmployees() with argument[s] = []
2020-12-13 15:53:10,481 DEBUG com.sapient.training.aspect.LoggingAspect [http-nio-8081-exec-5] Exit: com.sapient.training.service.EmployeeServiceImpl.getAllEmployees() with result = [Employee(id=5, name=Lavanya, job=Manager, hiredate=2020-10-25, salary=879999.0), Employee(id=6, name=Lalith Kumar, job=Developer, hiredate=2017-10-16, salary=123456.0), Employee(id=1, name=Rohit Sharma, job=Manager, hiredate=2010-10-15, salary=2000000.0), Employee(id=4, name=Vinay Kumar, job=Sr. Manager, hiredate=2017-08-25, salary=5.935E7)]
2020-12-13 15:53:14,465 DEBUG com.sapient.training.aspect.LoggingAspect [http-nio-8081-exec-6] Enter: com.sapient.training.service.EmployeeServiceImpl.getAllEmployees() with argument[s] = []
2020-12-13 15:53:14,468 DEBUG com.sapient.training.aspect.LoggingAspect [http-nio-8081-exec-6] Exit: com.sapient.training.service.EmployeeServiceImpl.getAllEmployees() with result = [Employee(id=5, name=Lavanya, job=Manager, hiredate=2020-10-25, salary=879999.0), Employee(id=6, name=Lalith Kumar, job=Developer, hiredate=2017-10-16, salary=123456.0), Employee(id=1, name=Rohit Sharma, job=Manager, hiredate=2010-10-15, salary=2000000.0), Employee(id=4, name=Vinay Kumar, job=Sr. Manager, hiredate=2017-08-25, salary=5.935E7)]
2020-12-13 15:53:16,655 DEBUG com.sapient.training.aspect.LoggingAspect [http-nio-8081-exec-7] Enter: com.sapient.training.service.EmployeeServiceImpl.getEmployeeById() with argument[s] = [6]
2020-12-13 15:53:16,658 DEBUG com.sapient.training.aspect.LoggingAspect [http-nio-8081-exec-7] Exit: com.sapient.training.service.EmployeeServiceImpl.getEmployeeById() with result = Employee(id=6, name=Lalith Kumar, job=Developer, hiredate=2017-10-16, salary=123456.0)
2020-12-13 15:53:23,808 DEBUG com.sapient.training.aspect.LoggingAspect [http-nio-8081-exec-8] Enter: com.sapient.training.service.EmployeeServiceImpl.getAllEmployees() with argument[s] = []
2020-12-13 15:53:23,811 DEBUG com.sapient.training.aspect.LoggingAspect [http-nio-8081-exec-8] Exit: com.sapient.training.service.EmployeeServiceImpl.getAllEmployees() with result = [Employee(id=5, name=Lavanya, job=Manager, hiredate=2020-10-25, salary=879999.0), Employee(id=6, name=Lalith Kumar, job=Developer, hiredate=2017-10-16, salary=123456.0), Employee(id=1, name=Rohit Sharma, job=Manager, hiredate=2010-10-15, salary=2000000.0), Employee(id=4, name=Vinay Kumar, job=Sr. Manager, hiredate=2017-08-25, salary=5.935E7)]
