2020-11-30 16:18:54,844 INFO com.sapient.training.app.SpringDataJpaAppApplication [restartedMain] Starting SpringDataJpaAppApplication on DESKTOP-B8FF4R1 with PID 17944 (F:\Corporate Training\KLS\Spring 5\Spring Data\spring-data-jpa-app\target\classes started by Admin in F:\Corporate Training\KLS\Spring 5\Spring Data\spring-data-jpa-app)
2020-11-30 16:18:54,851 DEBUG com.sapient.training.app.SpringDataJpaAppApplication [restartedMain] Running with Spring Boot v2.3.4.RELEASE, Spring v5.2.9.RELEASE
2020-11-30 16:18:54,852 INFO com.sapient.training.app.SpringDataJpaAppApplication [restartedMain] No active profile set, falling back to default profiles: default
2020-11-30 16:18:54,964 INFO org.springframework.boot.devtools.env.DevToolsPropertyDefaultsPostProcessor [restartedMain] Devtools property defaults active! Set 'spring.devtools.add-properties' to 'false' to disable
2020-11-30 16:18:54,965 INFO org.springframework.boot.devtools.env.DevToolsPropertyDefaultsPostProcessor [restartedMain] For additional web related logging consider setting the 'logging.level.web' property to 'DEBUG'
2020-11-30 16:18:56,749 INFO org.springframework.data.repository.config.RepositoryConfigurationDelegate [restartedMain] Bootstrapping Spring Data JPA repositories in DEFAULT mode.
2020-11-30 16:18:56,831 INFO org.springframework.data.repository.config.RepositoryConfigurationDelegate [restartedMain] Finished Spring Data repository scanning in 71ms. Found 1 JPA repository interfaces.
2020-11-30 16:18:59,539 INFO org.springframework.boot.web.embedded.tomcat.TomcatWebServer [restartedMain] Tomcat initialized with port(s): 8081 (http)
2020-11-30 16:18:59,559 INFO org.apache.coyote.http11.Http11NioProtocol [restartedMain] Initializing ProtocolHandler ["http-nio-8081"]
2020-11-30 16:18:59,559 INFO org.apache.catalina.core.StandardService [restartedMain] Starting service [Tomcat]
2020-11-30 16:18:59,560 INFO org.apache.catalina.core.StandardEngine [restartedMain] Starting Servlet engine: [Apache Tomcat/9.0.38]
2020-11-30 16:18:59,710 INFO org.apache.catalina.core.ContainerBase.[Tomcat].[localhost].[/springfox] [restartedMain] Initializing Spring embedded WebApplicationContext
2020-11-30 16:18:59,710 INFO org.springframework.boot.web.servlet.context.ServletWebServerApplicationContext [restartedMain] Root WebApplicationContext: initialization completed in 4745 ms
2020-11-30 16:19:00,250 INFO org.hibernate.jpa.internal.util.LogHelper [restartedMain] HHH000204: Processing PersistenceUnitInfo [name: default]
2020-11-30 16:19:00,317 INFO org.hibernate.Version [restartedMain] HHH000412: Hibernate ORM core version 5.4.21.Final
2020-11-30 16:19:00,528 INFO org.hibernate.annotations.common.Version [restartedMain] HCANN000001: Hibernate Commons Annotations {5.1.0.Final}
2020-11-30 16:19:00,676 INFO com.zaxxer.hikari.HikariDataSource [restartedMain] HikariPool-1 - Starting...
2020-11-30 16:19:00,860 INFO com.zaxxer.hikari.HikariDataSource [restartedMain] HikariPool-1 - Start completed.
2020-11-30 16:19:00,901 INFO org.hibernate.dialect.Dialect [restartedMain] HHH000400: Using dialect: org.hibernate.dialect.PostgreSQL10Dialect
2020-11-30 16:19:02,181 INFO org.hibernate.engine.transaction.jta.platform.internal.JtaPlatformInitiator [restartedMain] HHH000490: Using JtaPlatform implementation: [org.hibernate.engine.transaction.jta.platform.internal.NoJtaPlatform]
2020-11-30 16:19:02,191 INFO org.springframework.orm.jpa.LocalContainerEntityManagerFactoryBean [restartedMain] Initialized JPA EntityManagerFactory for persistence unit 'default'
2020-11-30 16:19:02,245 INFO org.springframework.boot.devtools.autoconfigure.OptionalLiveReloadServer [restartedMain] LiveReload server is running on port 35729
2020-11-30 16:19:03,449 WARN org.springframework.boot.autoconfigure.orm.jpa.JpaBaseConfiguration$JpaWebConfiguration [restartedMain] spring.jpa.open-in-view is enabled by default. Therefore, database queries may be performed during view rendering. Explicitly configure spring.jpa.open-in-view to disable this warning
2020-11-30 16:19:03,753 INFO org.springframework.boot.actuate.endpoint.web.EndpointLinksResolver [restartedMain] Exposing 2 endpoint(s) beneath base path '/actuator'
2020-11-30 16:19:04,539 INFO org.apache.coyote.http11.Http11NioProtocol [restartedMain] Starting ProtocolHandler ["http-nio-8081"]
2020-11-30 16:19:04,602 INFO org.springframework.boot.web.embedded.tomcat.TomcatWebServer [restartedMain] Tomcat started on port(s): 8081 (http) with context path '/springfox'
2020-11-30 16:19:04,978 INFO com.sapient.training.app.SpringDataJpaAppApplication [restartedMain] Started SpringDataJpaAppApplication in 10.596 seconds (JVM running for 11.668)
2020-11-30 16:19:59,231 INFO org.apache.catalina.core.ContainerBase.[Tomcat].[localhost].[/springfox] [http-nio-8081-exec-1] Initializing Spring DispatcherServlet 'dispatcherServlet'
2020-11-30 16:19:59,232 INFO org.springframework.web.servlet.DispatcherServlet [http-nio-8081-exec-1] Initializing Servlet 'dispatcherServlet'
2020-11-30 16:19:59,245 INFO org.springframework.web.servlet.DispatcherServlet [http-nio-8081-exec-1] Completed initialization in 13 ms
2020-11-30 16:21:09,075 DEBUG com.sapient.training.aspect.LoggingAspect [http-nio-8081-exec-8] Enter: com.sapient.training.service.EmployeeServiceImpl.save() with argument[s] = [Employee(id=null, name=Rohit Sharma, job=Manager, hiredate=Fri Oct 15 05:30:00 IST 2010, salary=1350000.0)]
2020-11-30 16:21:09,140 DEBUG com.sapient.training.aspect.LoggingAspect [http-nio-8081-exec-8] Exit: com.sapient.training.service.EmployeeServiceImpl.save() with result = Employee(id=1, name=Rohit Sharma, job=Manager, hiredate=Fri Oct 15 05:30:00 IST 2010, salary=1350000.0)
2020-11-30 16:22:03,288 DEBUG com.sapient.training.aspect.LoggingAspect [http-nio-8081-exec-7] Enter: com.sapient.training.service.EmployeeServiceImpl.save() with argument[s] = [Employee(id=null, name=Virat Kohli, job=Developer, hiredate=Wed Oct 10 05:30:00 IST 2018, salary=1150000.0)]
2020-11-30 16:22:03,290 DEBUG com.sapient.training.aspect.LoggingAspect [http-nio-8081-exec-7] Exit: com.sapient.training.service.EmployeeServiceImpl.save() with result = Employee(id=2, name=Virat Kohli, job=Developer, hiredate=Wed Oct 10 05:30:00 IST 2018, salary=1150000.0)
2020-11-30 16:22:31,926 DEBUG com.sapient.training.aspect.LoggingAspect [http-nio-8081-exec-9] Enter: com.sapient.training.service.EmployeeServiceImpl.getAllEmployees() with argument[s] = []
2020-11-30 16:22:31,961 DEBUG com.sapient.training.aspect.LoggingAspect [http-nio-8081-exec-9] Exit: com.sapient.training.service.EmployeeServiceImpl.getAllEmployees() with result = [Employee(id=1, name=Rohit Sharma, job=Manager, hiredate=2010-10-15, salary=1350000.0), Employee(id=2, name=Virat Kohli, job=Developer, hiredate=2018-10-10, salary=1150000.0)]
2020-11-30 17:22:35,625 DEBUG com.sapient.training.aspect.LoggingAspect [http-nio-8081-exec-1] Enter: com.sapient.training.service.EmployeeServiceImpl.getAllEmployees() with argument[s] = []
2020-11-30 17:22:35,646 DEBUG com.sapient.training.aspect.LoggingAspect [http-nio-8081-exec-1] Exit: com.sapient.training.service.EmployeeServiceImpl.getAllEmployees() with result = [Employee(id=1, name=Rohit Sharma, job=Manager, hiredate=2010-10-15, salary=1350000.0), Employee(id=2, name=Virat Kohli, job=Developer, hiredate=2018-10-10, salary=1150000.0)]
2020-11-30 17:24:18,464 DEBUG com.sapient.training.aspect.LoggingAspect [http-nio-8081-exec-2] Enter: com.sapient.training.service.EmployeeServiceImpl.getAllEmployees() with argument[s] = []
2020-11-30 17:24:18,468 DEBUG com.sapient.training.aspect.LoggingAspect [http-nio-8081-exec-2] Exit: com.sapient.training.service.EmployeeServiceImpl.getAllEmployees() with result = [Employee(id=1, name=Rohit Sharma, job=Manager, hiredate=2010-10-15, salary=1350000.0), Employee(id=2, name=Virat Kohli, job=Developer, hiredate=2018-10-10, salary=1150000.0)]
2020-11-30 17:26:22,566 DEBUG com.sapient.training.aspect.LoggingAspect [http-nio-8081-exec-4] Enter: com.sapient.training.service.EmployeeServiceImpl.getAllEmployees() with argument[s] = []
2020-11-30 17:26:22,571 DEBUG com.sapient.training.aspect.LoggingAspect [http-nio-8081-exec-4] Exit: com.sapient.training.service.EmployeeServiceImpl.getAllEmployees() with result = [Employee(id=1, name=Rohit Sharma, job=Manager, hiredate=2010-10-15, salary=1350000.0), Employee(id=2, name=Virat Kohli, job=Developer, hiredate=2018-10-10, salary=1150000.0)]
2020-11-30 17:38:22,107 DEBUG com.sapient.training.aspect.LoggingAspect [http-nio-8081-exec-8] Enter: com.sapient.training.service.EmployeeServiceImpl.getAllEmployees() with argument[s] = []
2020-11-30 17:38:22,117 DEBUG com.sapient.training.aspect.LoggingAspect [http-nio-8081-exec-8] Exit: com.sapient.training.service.EmployeeServiceImpl.getAllEmployees() with result = [Employee(id=1, name=Rohit Sharma, job=Manager, hiredate=2010-10-15, salary=1350000.0), Employee(id=2, name=Virat Kohli, job=Developer, hiredate=2018-10-10, salary=1150000.0)]
2020-11-30 17:41:41,812 DEBUG com.sapient.training.aspect.LoggingAspect [http-nio-8081-exec-9] Enter: com.sapient.training.service.EmployeeServiceImpl.getAllEmployees() with argument[s] = []
2020-11-30 17:41:41,815 DEBUG com.sapient.training.aspect.LoggingAspect [http-nio-8081-exec-9] Exit: com.sapient.training.service.EmployeeServiceImpl.getAllEmployees() with result = [Employee(id=1, name=Rohit Sharma, job=Manager, hiredate=2010-10-15, salary=1350000.0), Employee(id=2, name=Virat Kohli, job=Developer, hiredate=2018-10-10, salary=1150000.0)]
2020-11-30 17:48:20,716 DEBUG com.sapient.training.aspect.LoggingAspect [http-nio-8081-exec-1] Enter: com.sapient.training.service.EmployeeServiceImpl.getAllEmployees() with argument[s] = []
2020-11-30 17:48:20,723 DEBUG com.sapient.training.aspect.LoggingAspect [http-nio-8081-exec-1] Exit: com.sapient.training.service.EmployeeServiceImpl.getAllEmployees() with result = [Employee(id=1, name=Rohit Sharma, job=Manager, hiredate=2010-10-15, salary=1350000.0), Employee(id=2, name=Virat Kohli, job=Developer, hiredate=2018-10-10, salary=1150000.0)]
